#
# There is insufficient memory for the Java Runtime Environment to continue.
# Native memory allocation (malloc) failed to allocate 229136 bytes. Error detail: Chunk::new
# Possible reasons:
#   The system is out of physical RAM or swap space
#   This process is running with CompressedOops enabled, and the Java Heap may be blocking the growth of the native heap
# Possible solutions:
#   Reduce memory load on the system
#   Increase physical memory or swap space
#   Check if swap backing store is full
#   Decrease Java heap size (-Xmx/-Xms)
#   Decrease number of Java threads
#   Decrease Java thread stack sizes (-Xss)
#   Set larger code cache with -XX:ReservedCodeCacheSize=
#   JVM is running with Unscaled Compressed Oops mode in which the Java heap is
#     placed in the first 4GB address space. The Java Heap base address is the
#     maximum limit for the native heap growth. Please use -XX:HeapBaseMinAddress
#     to set the Java Heap base and to place the Java Heap above 4GB virtual address.
# This output file may be truncated or incomplete.
#
#  Out of Memory Error (arena.cpp:168), pid=2304, tid=8136
#
# JRE version: OpenJDK Runtime Environment Temurin-21.0.9+10 (21.0.9+10) (build 21.0.9+10-LTS)
# Java VM: OpenJDK 64-Bit Server VM Temurin-21.0.9+10 (21.0.9+10-LTS, mixed mode, sharing, tiered, compressed oops, compressed class ptrs, parallel gc, windows-amd64)
# No core dump will be written. Minidumps are not enabled by default on client versions of Windows
#

---------------  S U M M A R Y ------------

Command Line: --add-modules=ALL-SYSTEM --add-opens=java.base/java.util=ALL-UNNAMED --add-opens=java.base/java.lang=ALL-UNNAMED --add-opens=java.base/sun.nio.fs=ALL-UNNAMED -Declipse.application=org.eclipse.jdt.ls.core.id1 -Dosgi.bundles.defaultStartLevel=4 -Declipse.product=org.eclipse.jdt.ls.core.product -Djava.import.generatesMetadataFilesAtProjectRoot=false -DDetectVMInstallationsJob.disabled=true -Dfile.encoding=utf8 -XX:+UseParallelGC -XX:GCTimeRatio=4 -XX:AdaptiveSizePolicyWeight=90 -Dsun.zip.disableMemoryMapping=true -Xmx2G -Xms100m -Xlog:disable -javaagent:c:\Users\adity\.cursor\extensions\redhat.java-1.50.0-win32-x64\lombok\lombok-1.18.39-4050.jar c:\Users\adity\.cursor\extensions\redhat.java-1.50.0-win32-x64\server\plugins\org.eclipse.equinox.launcher_1.7.100.v20251111-0406.jar -configuration c:\Users\adity\AppData\Roaming\Cursor\User\globalStorage\redhat.java\1.50.0\config_ss_win -data c:\Users\adity\AppData\Roaming\Cursor\User\workspaceStorage\ab63fb738abd03072bb8b1758bd33c6f\redhat.java\ss_ws --pipe=\\.\pipe\lsp-2a9d3f90b2ab0adb50bc3e2439b5a514-sock

Host: AMD Ryzen 5 5600H with Radeon Graphics         , 12 cores, 5G,  Windows 11 , 64 bit Build 26100 (10.0.26100.7309)
Time: Sun Dec 21 08:32:11 2025 India Standard Time elapsed time: 18.605194 seconds (0d 0h 0m 18s)

---------------  T H R E A D  ---------------

Current thread (0x0000017583dbbc90):  JavaThread "C2 CompilerThread0" daemon [_thread_in_native, id=8136, stack(0x000000324d900000,0x000000324da00000) (1024K)]


Current CompileTask:
C2:18605 3751       4       jdk.internal.org.objectweb.asm.SymbolTable::addConstantUtf8Reference (101 bytes)

Stack: [0x000000324d900000,0x000000324da00000]
Native frames: (J=compiled Java code, j=interpreted, Vv=VM code, C=native code)
V  [jvm.dll+0x6d6e29]
V  [jvm.dll+0x8b4b76]
V  [jvm.dll+0x8b712e]
V  [jvm.dll+0x8b7813]
V  [jvm.dll+0x283d86]
V  [jvm.dll+0xc66ed]
V  [jvm.dll+0xc6c31]
V  [jvm.dll+0x3be501]
V  [jvm.dll+0x1e3d59]
V  [jvm.dll+0x24c0f3]
V  [jvm.dll+0x24b580]
V  [jvm.dll+0x1cb13e]
V  [jvm.dll+0x25b29d]
V  [jvm.dll+0x25982a]
V  [jvm.dll+0x3f7ea6]
V  [jvm.dll+0x85e9ad]
V  [jvm.dll+0x6d565d]
C  [ucrtbase.dll+0x37b0]
C  [KERNEL32.DLL+0x2e8d7]
C  [ntdll.dll+0x8c53c]


---------------  P R O C E S S  ---------------

Threads class SMR info:
_java_thread_list=0x00000175dcd47990, length=37, elements={
0x0000017583cff980, 0x0000017583cada90, 0x0000017583da9c50, 0x0000017583dac2e0,
0x0000017583daefc0, 0x0000017583db0360, 0x0000017583db38e0, 0x0000017583dbbc90,
0x0000017583dbdec0, 0x00000175dccf5f40, 0x00000175dce5d200, 0x00000175e283b630,
0x00000175e2821520, 0x00000175e2867470, 0x00000175e29c7b60, 0x00000175e2151c30,
0x00000175e2b116e0, 0x00000175e2c3dba0, 0x00000175e2c2bf90, 0x00000175e2c2c620,
0x00000175e2c2ccb0, 0x00000175e2c2d340, 0x00000175e2c2e060, 0x00000175e2c2e6f0,
0x00000175e2c2ed80, 0x00000175e2c2f410, 0x00000175e2c2d9d0, 0x00000175e472bf70,
0x00000175e4729810, 0x00000175e472abc0, 0x00000175e472c600, 0x00000175e4729180,
0x00000175e472cc90, 0x00000175e472d320, 0x00000175e4729ea0, 0x00000175e472b250,
0x00000175e472d9b0
}

Java Threads: ( => current thread )
  0x0000017583cff980 JavaThread "main"                              [_thread_blocked, id=13232, stack(0x000000324cf00000,0x000000324d000000) (1024K)]
  0x0000017583cada90 JavaThread "Reference Handler"          daemon [_thread_blocked, id=2780, stack(0x000000324d300000,0x000000324d400000) (1024K)]
  0x0000017583da9c50 JavaThread "Finalizer"                  daemon [_thread_blocked, id=2788, stack(0x000000324d400000,0x000000324d500000) (1024K)]
  0x0000017583dac2e0 JavaThread "Signal Dispatcher"          daemon [_thread_blocked, id=18872, stack(0x000000324d500000,0x000000324d600000) (1024K)]
  0x0000017583daefc0 JavaThread "Attach Listener"            daemon [_thread_blocked, id=9388, stack(0x000000324d600000,0x000000324d700000) (1024K)]
  0x0000017583db0360 JavaThread "Service Thread"             daemon [_thread_blocked, id=18840, stack(0x000000324d700000,0x000000324d800000) (1024K)]
  0x0000017583db38e0 JavaThread "Monitor Deflation Thread"   daemon [_thread_blocked, id=12764, stack(0x000000324d800000,0x000000324d900000) (1024K)]
=>0x0000017583dbbc90 JavaThread "C2 CompilerThread0"         daemon [_thread_in_native, id=8136, stack(0x000000324d900000,0x000000324da00000) (1024K)]
  0x0000017583dbdec0 JavaThread "C1 CompilerThread0"         daemon [_thread_blocked, id=12992, stack(0x000000324da00000,0x000000324db00000) (1024K)]
  0x00000175dccf5f40 JavaThread "Common-Cleaner"             daemon [_thread_blocked, id=4388, stack(0x000000324dc00000,0x000000324dd00000) (1024K)]
  0x00000175dce5d200 JavaThread "Notification Thread"        daemon [_thread_blocked, id=17052, stack(0x000000324dd00000,0x000000324de00000) (1024K)]
  0x00000175e283b630 JavaThread "Active Thread: Equinox Container: c66659fa-9577-41cb-a723-6b6d8a08e884"        [_thread_blocked, id=14168, stack(0x000000324e400000,0x000000324e500000) (1024K)]
  0x00000175e2821520 JavaThread "Framework Event Dispatcher: Equinox Container: c66659fa-9577-41cb-a723-6b6d8a08e884" daemon [_thread_blocked, id=15396, stack(0x000000324e500000,0x000000324e600000) (1024K)]
  0x00000175e2867470 JavaThread "Start Level: Equinox Container: c66659fa-9577-41cb-a723-6b6d8a08e884" daemon [_thread_blocked, id=20304, stack(0x000000324e600000,0x000000324e700000) (1024K)]
  0x00000175e29c7b60 JavaThread "SCR Component Actor"        daemon [_thread_blocked, id=11640, stack(0x000000324e800000,0x000000324e900000) (1024K)]
  0x00000175e2151c30 JavaThread "Worker-JM"                         [_thread_blocked, id=19236, stack(0x000000324db00000,0x000000324dc00000) (1024K)]
  0x00000175e2b116e0 JavaThread "JNA Cleaner"                daemon [_thread_blocked, id=8940, stack(0x000000324ec00000,0x000000324ed00000) (1024K)]
  0x00000175e2c3dba0 JavaThread "Worker-0"                          [_thread_blocked, id=11652, stack(0x000000324ed00000,0x000000324ee00000) (1024K)]
  0x00000175e2c2bf90 JavaThread "Worker-1"                          [_thread_blocked, id=22500, stack(0x000000324ee00000,0x000000324ef00000) (1024K)]
  0x00000175e2c2c620 JavaThread "Thread-1"                   daemon [_thread_in_native, id=25292, stack(0x000000324f100000,0x000000324f200000) (1024K)]
  0x00000175e2c2ccb0 JavaThread "Thread-2"                   daemon [_thread_in_native, id=15320, stack(0x000000324f200000,0x000000324f300000) (1024K)]
  0x00000175e2c2d340 JavaThread "Thread-3"                   daemon [_thread_in_native, id=3068, stack(0x000000324f300000,0x000000324f400000) (1024K)]
  0x00000175e2c2e060 JavaThread "Thread-4"                   daemon [_thread_in_native, id=20592, stack(0x000000324f400000,0x000000324f500000) (1024K)]
  0x00000175e2c2e6f0 JavaThread "Thread-5"                   daemon [_thread_in_native, id=6120, stack(0x000000324f500000,0x000000324f600000) (1024K)]
  0x00000175e2c2ed80 JavaThread "Thread-6"                   daemon [_thread_in_native, id=25568, stack(0x000000324f600000,0x000000324f700000) (1024K)]
  0x00000175e2c2f410 JavaThread "Thread-7"                   daemon [_thread_in_native, id=18884, stack(0x000000324f700000,0x000000324f800000) (1024K)]
  0x00000175e2c2d9d0 JavaThread "Thread-8"                   daemon [_thread_in_native, id=14700, stack(0x000000324f800000,0x000000324f900000) (1024K)]
  0x00000175e472bf70 JavaThread "Thread-9"                   daemon [_thread_in_native, id=18304, stack(0x000000324f900000,0x000000324fa00000) (1024K)]
  0x00000175e4729810 JavaThread "Thread-10"                  daemon [_thread_in_native, id=15876, stack(0x000000324fa00000,0x000000324fb00000) (1024K)]
  0x00000175e472abc0 JavaThread "Thread-11"                  daemon [_thread_in_native, id=20960, stack(0x000000324fb00000,0x000000324fc00000) (1024K)]
  0x00000175e472c600 JavaThread "Thread-12"                  daemon [_thread_in_native, id=9532, stack(0x000000324fc00000,0x000000324fd00000) (1024K)]
  0x00000175e4729180 JavaThread "Thread-13"                  daemon [_thread_in_native, id=24440, stack(0x000000324fd00000,0x000000324fe00000) (1024K)]
  0x00000175e472cc90 JavaThread "pool-2-thread-1"                   [_thread_blocked, id=13800, stack(0x000000324fe00000,0x000000324ff00000) (1024K)]
  0x00000175e472d320 JavaThread "Worker-2"                          [_thread_blocked, id=14312, stack(0x000000324ff00000,0x0000003250000000) (1024K)]
  0x00000175e4729ea0 JavaThread "WorkspaceEventsHandler"            [_thread_blocked, id=24764, stack(0x0000003250000000,0x0000003250100000) (1024K)]
  0x00000175e472b250 JavaThread "pool-1-thread-1"                   [_thread_in_vm, id=15416, stack(0x0000003250100000,0x0000003250200000) (1024K)]
  0x00000175e472d9b0 JavaThread "ForkJoinPool.commonPool-worker-1" daemon [_thread_blocked, id=10964, stack(0x000000324e900000,0x000000324ea00000) (1024K)]
Total: 37

Other Threads:
  0x0000017583c93d10 VMThread "VM Thread"                           [id=800, stack(0x000000324d200000,0x000000324d300000) (1024K)]
  0x0000017583b8ba00 WatcherThread "VM Periodic Task Thread"        [id=20584, stack(0x000000324d100000,0x000000324d200000) (1024K)]
  0x0000017583d1ddb0 WorkerThread "GC Thread#0"                     [id=25276, stack(0x000000324d000000,0x000000324d100000) (1024K)]
  0x00000175e27397c0 WorkerThread "GC Thread#1"                     [id=22136, stack(0x000000324de00000,0x000000324df00000) (1024K)]
  0x00000175e239aad0 WorkerThread "GC Thread#2"                     [id=6924, stack(0x000000324df00000,0x000000324e000000) (1024K)]
  0x00000175e239ae70 WorkerThread "GC Thread#3"                     [id=22460, stack(0x000000324e000000,0x000000324e100000) (1024K)]
  0x00000175e2739b60 WorkerThread "GC Thread#4"                     [id=21552, stack(0x000000324e100000,0x000000324e200000) (1024K)]
  0x00000175e2739f00 WorkerThread "GC Thread#5"                     [id=23956, stack(0x000000324e200000,0x000000324e300000) (1024K)]
  0x00000175e273a2a0 WorkerThread "GC Thread#6"                     [id=9460, stack(0x000000324e300000,0x000000324e400000) (1024K)]
  0x00000175e206c390 WorkerThread "GC Thread#7"                     [id=10940, stack(0x000000324e700000,0x000000324e800000) (1024K)]
  0x00000175e206bff0 WorkerThread "GC Thread#8"                     [id=18612, stack(0x000000324ea00000,0x000000324eb00000) (1024K)]
  0x00000175e206bc50 WorkerThread "GC Thread#9"                     [id=15056, stack(0x000000324eb00000,0x000000324ec00000) (1024K)]
Total: 12

Threads with active compile tasks:
C2 CompilerThread0  18625 3751       4       jdk.internal.org.objectweb.asm.SymbolTable::addConstantUtf8Reference (101 bytes)
Total: 1

VM state: not at safepoint (normal execution)

VM Mutex/Monitor currently owned by a thread: None

Heap address: 0x0000000080000000, size: 2048 MB, Compressed Oops mode: 32-bit

CDS archive(s) mapped at: [0x000001759b000000-0x000001759bba0000-0x000001759bba0000), size 12189696, SharedBaseAddress: 0x000001759b000000, ArchiveRelocationMode: 1.
Compressed class space mapped at: 0x000001759c000000-0x00000175dc000000, reserved size: 1073741824
Narrow klass base: 0x000001759b000000, Narrow klass shift: 0, Narrow klass range: 0x100000000

GC Precious Log:
 CardTable entry size: 512
 CPUs: 12 total, 12 available
 Memory: 5996M
 Large Page Support: Disabled
 NUMA Support: Disabled
 Compressed Oops: Enabled (32-bit)
 Alignments: Space 512K, Generation 512K, Heap 2M
 Heap Min Capacity: 100M
 Heap Initial Capacity: 100M
 Heap Max Capacity: 2G
 Pre-touch: Disabled
 Parallel Workers: 10

Heap:
 PSYoungGen      total 26624K, used 10111K [0x00000000d5580000, 0x00000000d7480000, 0x0000000100000000)
  eden space 23552K, 30% used [0x00000000d5580000,0x00000000d5c67f00,0x00000000d6c80000)
  from space 3072K, 98% used [0x00000000d6e80000,0x00000000d7178010,0x00000000d7180000)
  to   space 3072K, 0% used [0x00000000d7180000,0x00000000d7180000,0x00000000d7480000)
 ParOldGen       total 68608K, used 11257K [0x0000000080000000, 0x0000000084300000, 0x00000000d5580000)
  object space 68608K, 16% used [0x0000000080000000,0x0000000080afe5f8,0x0000000084300000)
 Metaspace       used 30715K, committed 31488K, reserved 1114112K
  class space    used 3094K, committed 3456K, reserved 1048576K

Card table byte_map: [0x00000175836a0000,0x0000017583ab0000] _byte_map_base: 0x00000175832a0000

Marking Bits: (ParMarkBitMap*) 0x00007ffe90612460
 Begin Bits: [0x00000175961b0000, 0x00000175981b0000)
 End Bits:   [0x00000175981b0000, 0x000001759a1b0000)

Polling page: 0x0000017581b00000

Metaspace:

Usage:
  Non-class:     26.97 MB used.
      Class:      3.02 MB used.
       Both:     30.00 MB used.

Virtual space:
  Non-class space:       64.00 MB reserved,      27.38 MB ( 43%) committed,  1 nodes.
      Class space:        1.00 GB reserved,       3.38 MB ( <1%) committed,  1 nodes.
             Both:        1.06 GB reserved,      30.75 MB (  3%) committed. 

Chunk freelists:
   Non-Class:  4.31 MB
       Class:  12.67 MB
        Both:  16.98 MB

MaxMetaspaceSize: unlimited
CompressedClassSpaceSize: 1.00 GB
Initial GC threshold: 21.00 MB
Current GC threshold: 35.00 MB
CDS: on
 - commit_granule_bytes: 65536.
 - commit_granule_words: 8192.
 - virtual_space_node_default_size: 8388608.
 - enlarge_chunks_in_place: 1.
 - use_allocation_guard: 0.


Internal statistics:

num_allocs_failed_limit: 3.
num_arena_births: 570.
num_arena_deaths: 14.
num_vsnodes_births: 2.
num_vsnodes_deaths: 0.
num_space_committed: 492.
num_space_uncommitted: 0.
num_chunks_returned_to_freelist: 17.
num_chunks_taken_from_freelist: 1783.
num_chunk_merges: 8.
num_chunk_splits: 1135.
num_chunks_enlarged: 736.
num_inconsistent_stats: 0.

CodeHeap 'non-profiled nmethods': size=120000Kb used=1734Kb max_used=1734Kb free=118265Kb
 bounds [0x000001758e9d0000, 0x000001758ec40000, 0x0000017595f00000]
CodeHeap 'profiled nmethods': size=120000Kb used=7376Kb max_used=7376Kb free=112623Kb
 bounds [0x0000017586f00000, 0x0000017587640000, 0x000001758e430000]
CodeHeap 'non-nmethods': size=5760Kb used=1348Kb max_used=1387Kb free=4411Kb
 bounds [0x000001758e430000, 0x000001758e6a0000, 0x000001758e9d0000]
CodeCache: size=245760Kb, used=10458Kb, max_used=10497Kb, free=235299Kb
 total_blobs=4400, nmethods=3758, adapters=547, full_count=0
Compilation: enabled, stopped_count=0, restarted_count=0

Compilation events (20 events):
Event: 14.550 Thread 0x0000017583dbdec0 3752       3       java.lang.invoke.TypeConvertingMethodAdapter::<init> (8 bytes)
Event: 14.551 Thread 0x0000017583dbdec0 nmethod 3752 0x0000017587630290 code [0x0000017587630440, 0x0000017587630588]
Event: 14.551 Thread 0x0000017583dbdec0 3753       3       jdk.internal.org.objectweb.asm.MethodVisitor::visitCode (15 bytes)
Event: 14.551 Thread 0x0000017583dbdec0 nmethod 3753 0x0000017587630610 code [0x00000175876307c0, 0x00000175876309c8]
Event: 14.551 Thread 0x0000017583dbdec0 3754       3       jdk.internal.org.objectweb.asm.MethodVisitor::visitMethodInsn (80 bytes)
Event: 14.551 Thread 0x0000017583dbdec0 nmethod 3754 0x0000017587630a90 code [0x0000017587630c80, 0x0000017587631128]
Event: 14.551 Thread 0x0000017583dbdec0 3756       3       java.net.URI$Parser::parseHierarchical (178 bytes)
Event: 14.553 Thread 0x0000017583dbdec0 nmethod 3756 0x0000017587631290 code [0x00000175876316a0, 0x00000175876330f8]
Event: 14.553 Thread 0x0000017583dbdec0 3755       3       java.net.URI::isAbsolute (13 bytes)
Event: 14.553 Thread 0x0000017583dbdec0 nmethod 3755 0x0000017587633c10 code [0x0000017587633da0, 0x0000017587633f00]
Event: 14.553 Thread 0x0000017583dbdec0 3757       1       java.net.URI::getRawFragment (5 bytes)
Event: 14.553 Thread 0x0000017583dbdec0 nmethod 3757 0x000001758eb80f10 code [0x000001758eb810a0, 0x000001758eb81168]
Event: 14.553 Thread 0x0000017583dbdec0 3758       1       java.net.URI::getRawQuery (5 bytes)
Event: 14.553 Thread 0x0000017583dbdec0 nmethod 3758 0x000001758eb81210 code [0x000001758eb813a0, 0x000001758eb81468]
Event: 14.553 Thread 0x0000017583dbdec0 3759       1       java.net.URI::getRawAuthority (5 bytes)
Event: 14.553 Thread 0x0000017583dbdec0 nmethod 3759 0x000001758eb81510 code [0x000001758eb816a0, 0x000001758eb81768]
Event: 14.553 Thread 0x0000017583dbdec0 3760       3       org.eclipse.core.runtime.Path::hasTrailingSeparator (13 bytes)
Event: 14.554 Thread 0x0000017583dbdec0 nmethod 3760 0x0000017587633f90 code [0x0000017587634140, 0x00000175876342b8]
Event: 14.554 Thread 0x0000017583dbdec0 3761       1       org.eclipse.core.internal.resources.Workspace::getRoot (5 bytes)
Event: 14.554 Thread 0x0000017583dbdec0 nmethod 3761 0x000001758eb81810 code [0x000001758eb819a0, 0x000001758eb81a68]

GC Heap History (20 events):
Event: 0.639 GC heap before
{Heap before GC invocations=1 (full 0):
 PSYoungGen      total 29696K, used 25600K [0x00000000d5580000, 0x00000000d7680000, 0x0000000100000000)
  eden space 25600K, 100% used [0x00000000d5580000,0x00000000d6e80000,0x00000000d6e80000)
  from space 4096K, 0% used [0x00000000d7280000,0x00000000d7280000,0x00000000d7680000)
  to   space 4096K, 0% used [0x00000000d6e80000,0x00000000d6e80000,0x00000000d7280000)
 ParOldGen       total 68608K, used 0K [0x0000000080000000, 0x0000000084300000, 0x00000000d5580000)
  object space 68608K, 0% used [0x0000000080000000,0x0000000080000000,0x0000000084300000)
 Metaspace       used 4350K, committed 4608K, reserved 1114112K
  class space    used 473K, committed 576K, reserved 1048576K
}
Event: 0.647 GC heap after
{Heap after GC invocations=1 (full 0):
 PSYoungGen      total 29696K, used 3277K [0x00000000d5580000, 0x00000000d7680000, 0x0000000100000000)
  eden space 25600K, 0% used [0x00000000d5580000,0x00000000d5580000,0x00000000d6e80000)
  from space 4096K, 80% used [0x00000000d6e80000,0x00000000d71b3560,0x00000000d7280000)
  to   space 4096K, 0% used [0x00000000d7280000,0x00000000d7280000,0x00000000d7680000)
 ParOldGen       total 68608K, used 16K [0x0000000080000000, 0x0000000084300000, 0x00000000d5580000)
  object space 68608K, 0% used [0x0000000080000000,0x0000000080004000,0x0000000084300000)
 Metaspace       used 4350K, committed 4608K, reserved 1114112K
  class space    used 473K, committed 576K, reserved 1048576K
}
Event: 1.286 GC heap before
{Heap before GC invocations=2 (full 0):
 PSYoungGen      total 29696K, used 28877K [0x00000000d5580000, 0x00000000d7680000, 0x0000000100000000)
  eden space 25600K, 100% used [0x00000000d5580000,0x00000000d6e80000,0x00000000d6e80000)
  from space 4096K, 80% used [0x00000000d6e80000,0x00000000d71b3560,0x00000000d7280000)
  to   space 4096K, 0% used [0x00000000d7280000,0x00000000d7280000,0x00000000d7680000)
 ParOldGen       total 68608K, used 16K [0x0000000080000000, 0x0000000084300000, 0x00000000d5580000)
  object space 68608K, 0% used [0x0000000080000000,0x0000000080004000,0x0000000084300000)
 Metaspace       used 8278K, committed 8576K, reserved 1114112K
  class space    used 882K, committed 1024K, reserved 1048576K
}
Event: 1.295 GC heap after
{Heap after GC invocations=2 (full 0):
 PSYoungGen      total 29696K, used 4087K [0x00000000d5580000, 0x00000000d7680000, 0x0000000100000000)
  eden space 25600K, 0% used [0x00000000d5580000,0x00000000d5580000,0x00000000d6e80000)
  from space 4096K, 99% used [0x00000000d7280000,0x00000000d767dea8,0x00000000d7680000)
  to   space 4096K, 0% used [0x00000000d6e80000,0x00000000d6e80000,0x00000000d7280000)
 ParOldGen       total 68608K, used 906K [0x0000000080000000, 0x0000000084300000, 0x00000000d5580000)
  object space 68608K, 1% used [0x0000000080000000,0x00000000800e2840,0x0000000084300000)
 Metaspace       used 8278K, committed 8576K, reserved 1114112K
  class space    used 882K, committed 1024K, reserved 1048576K
}
Event: 2.068 GC heap before
{Heap before GC invocations=3 (full 0):
 PSYoungGen      total 29696K, used 29687K [0x00000000d5580000, 0x00000000d7680000, 0x0000000100000000)
  eden space 25600K, 100% used [0x00000000d5580000,0x00000000d6e80000,0x00000000d6e80000)
  from space 4096K, 99% used [0x00000000d7280000,0x00000000d767dea8,0x00000000d7680000)
  to   space 4096K, 0% used [0x00000000d6e80000,0x00000000d6e80000,0x00000000d7280000)
 ParOldGen       total 68608K, used 906K [0x0000000080000000, 0x0000000084300000, 0x00000000d5580000)
  object space 68608K, 1% used [0x0000000080000000,0x00000000800e2840,0x0000000084300000)
 Metaspace       used 13039K, committed 13568K, reserved 1114112K
  class space    used 1383K, committed 1600K, reserved 1048576K
}
Event: 2.076 GC heap after
{Heap after GC invocations=3 (full 0):
 PSYoungGen      total 29696K, used 4086K [0x00000000d5580000, 0x00000000d7680000, 0x0000000100000000)
  eden space 25600K, 0% used [0x00000000d5580000,0x00000000d5580000,0x00000000d6e80000)
  from space 4096K, 99% used [0x00000000d6e80000,0x00000000d727dab0,0x00000000d7280000)
  to   space 4096K, 0% used [0x00000000d7280000,0x00000000d7280000,0x00000000d7680000)
 ParOldGen       total 68608K, used 2887K [0x0000000080000000, 0x0000000084300000, 0x00000000d5580000)
  object space 68608K, 4% used [0x0000000080000000,0x00000000802d1e20,0x0000000084300000)
 Metaspace       used 13039K, committed 13568K, reserved 1114112K
  class space    used 1383K, committed 1600K, reserved 1048576K
}
Event: 2.634 GC heap before
{Heap before GC invocations=4 (full 0):
 PSYoungGen      total 29696K, used 29686K [0x00000000d5580000, 0x00000000d7680000, 0x0000000100000000)
  eden space 25600K, 100% used [0x00000000d5580000,0x00000000d6e80000,0x00000000d6e80000)
  from space 4096K, 99% used [0x00000000d6e80000,0x00000000d727dab0,0x00000000d7280000)
  to   space 4096K, 0% used [0x00000000d7280000,0x00000000d7280000,0x00000000d7680000)
 ParOldGen       total 68608K, used 2887K [0x0000000080000000, 0x0000000084300000, 0x00000000d5580000)
  object space 68608K, 4% used [0x0000000080000000,0x00000000802d1e20,0x0000000084300000)
 Metaspace       used 17258K, committed 17920K, reserved 1114112K
  class space    used 1815K, committed 2112K, reserved 1048576K
}
Event: 2.640 GC heap after
{Heap after GC invocations=4 (full 0):
 PSYoungGen      total 29696K, used 4070K [0x00000000d5580000, 0x00000000d7680000, 0x0000000100000000)
  eden space 25600K, 0% used [0x00000000d5580000,0x00000000d5580000,0x00000000d6e80000)
  from space 4096K, 99% used [0x00000000d7280000,0x00000000d76798e8,0x00000000d7680000)
  to   space 4096K, 0% used [0x00000000d6e80000,0x00000000d6e80000,0x00000000d7280000)
 ParOldGen       total 68608K, used 4644K [0x0000000080000000, 0x0000000084300000, 0x00000000d5580000)
  object space 68608K, 6% used [0x0000000080000000,0x00000000804893d0,0x0000000084300000)
 Metaspace       used 17258K, committed 17920K, reserved 1114112K
  class space    used 1815K, committed 2112K, reserved 1048576K
}
Event: 2.926 GC heap before
{Heap before GC invocations=5 (full 0):
 PSYoungGen      total 29696K, used 29670K [0x00000000d5580000, 0x00000000d7680000, 0x0000000100000000)
  eden space 25600K, 100% used [0x00000000d5580000,0x00000000d6e80000,0x00000000d6e80000)
  from space 4096K, 99% used [0x00000000d7280000,0x00000000d76798e8,0x00000000d7680000)
  to   space 4096K, 0% used [0x00000000d6e80000,0x00000000d6e80000,0x00000000d7280000)
 ParOldGen       total 68608K, used 4644K [0x0000000080000000, 0x0000000084300000, 0x00000000d5580000)
  object space 68608K, 6% used [0x0000000080000000,0x00000000804893d0,0x0000000084300000)
 Metaspace       used 20461K, committed 21120K, reserved 1114112K
  class space    used 2030K, committed 2304K, reserved 1048576K
}
Event: 2.935 GC heap after
{Heap after GC invocations=5 (full 0):
 PSYoungGen      total 29184K, used 4092K [0x00000000d5580000, 0x00000000d7800000, 0x0000000100000000)
  eden space 25088K, 0% used [0x00000000d5580000,0x00000000d5580000,0x00000000d6e00000)
  from space 4096K, 99% used [0x00000000d6e80000,0x00000000d727f128,0x00000000d7280000)
  to   space 5120K, 0% used [0x00000000d7300000,0x00000000d7300000,0x00000000d7800000)
 ParOldGen       total 68608K, used 4868K [0x0000000080000000, 0x0000000084300000, 0x00000000d5580000)
  object space 68608K, 7% used [0x0000000080000000,0x00000000804c13e0,0x0000000084300000)
 Metaspace       used 20461K, committed 21120K, reserved 1114112K
  class space    used 2030K, committed 2304K, reserved 1048576K
}
Event: 2.996 GC heap before
{Heap before GC invocations=6 (full 0):
 PSYoungGen      total 29184K, used 9671K [0x00000000d5580000, 0x00000000d7800000, 0x0000000100000000)
  eden space 25088K, 22% used [0x00000000d5580000,0x00000000d5af2d20,0x00000000d6e00000)
  from space 4096K, 99% used [0x00000000d6e80000,0x00000000d727f128,0x00000000d7280000)
  to   space 5120K, 0% used [0x00000000d7300000,0x00000000d7300000,0x00000000d7800000)
 ParOldGen       total 68608K, used 4868K [0x0000000080000000, 0x0000000084300000, 0x00000000d5580000)
  object space 68608K, 7% used [0x0000000080000000,0x00000000804c13e0,0x0000000084300000)
 Metaspace       used 20849K, committed 21504K, reserved 1114112K
  class space    used 2064K, committed 2368K, reserved 1048576K
}
Event: 3.005 GC heap after
{Heap after GC invocations=6 (full 0):
 PSYoungGen      total 29696K, used 4493K [0x00000000d5580000, 0x00000000d7780000, 0x0000000100000000)
  eden space 25088K, 0% used [0x00000000d5580000,0x00000000d5580000,0x00000000d6e00000)
  from space 4608K, 97% used [0x00000000d7300000,0x00000000d77637d8,0x00000000d7780000)
  to   space 4608K, 0% used [0x00000000d6e80000,0x00000000d6e80000,0x00000000d7300000)
 ParOldGen       total 68608K, used 4868K [0x0000000080000000, 0x0000000084300000, 0x00000000d5580000)
  object space 68608K, 7% used [0x0000000080000000,0x00000000804c13e0,0x0000000084300000)
 Metaspace       used 20849K, committed 21504K, reserved 1114112K
  class space    used 2064K, committed 2368K, reserved 1048576K
}
Event: 3.005 GC heap before
{Heap before GC invocations=7 (full 1):
 PSYoungGen      total 29696K, used 4493K [0x00000000d5580000, 0x00000000d7780000, 0x0000000100000000)
  eden space 25088K, 0% used [0x00000000d5580000,0x00000000d5580000,0x00000000d6e00000)
  from space 4608K, 97% used [0x00000000d7300000,0x00000000d77637d8,0x00000000d7780000)
  to   space 4608K, 0% used [0x00000000d6e80000,0x00000000d6e80000,0x00000000d7300000)
 ParOldGen       total 68608K, used 4868K [0x0000000080000000, 0x0000000084300000, 0x00000000d5580000)
  object space 68608K, 7% used [0x0000000080000000,0x00000000804c13e0,0x0000000084300000)
 Metaspace       used 20849K, committed 21504K, reserved 1114112K
  class space    used 2064K, committed 2368K, reserved 1048576K
}
Event: 3.049 GC heap after
{Heap after GC invocations=7 (full 1):
 PSYoungGen      total 29696K, used 0K [0x00000000d5580000, 0x00000000d7780000, 0x0000000100000000)
  eden space 25088K, 0% used [0x00000000d5580000,0x00000000d5580000,0x00000000d6e00000)
  from space 4608K, 0% used [0x00000000d7300000,0x00000000d7300000,0x00000000d7780000)
  to   space 4608K, 0% used [0x00000000d6e80000,0x00000000d6e80000,0x00000000d7300000)
 ParOldGen       total 68608K, used 8908K [0x0000000080000000, 0x0000000084300000, 0x00000000d5580000)
  object space 68608K, 12% used [0x0000000080000000,0x00000000808b3078,0x0000000084300000)
 Metaspace       used 20836K, committed 21504K, reserved 1114112K
  class space    used 2060K, committed 2368K, reserved 1048576K
}
Event: 3.425 GC heap before
{Heap before GC invocations=8 (full 1):
 PSYoungGen      total 29696K, used 25088K [0x00000000d5580000, 0x00000000d7780000, 0x0000000100000000)
  eden space 25088K, 100% used [0x00000000d5580000,0x00000000d6e00000,0x00000000d6e00000)
  from space 4608K, 0% used [0x00000000d7300000,0x00000000d7300000,0x00000000d7780000)
  to   space 4608K, 0% used [0x00000000d6e80000,0x00000000d6e80000,0x00000000d7300000)
 ParOldGen       total 68608K, used 8908K [0x0000000080000000, 0x0000000084300000, 0x00000000d5580000)
  object space 68608K, 12% used [0x0000000080000000,0x00000000808b3078,0x0000000084300000)
 Metaspace       used 23068K, committed 23744K, reserved 1114112K
  class space    used 2242K, committed 2560K, reserved 1048576K
}
Event: 3.429 GC heap after
{Heap after GC invocations=8 (full 1):
 PSYoungGen      total 27648K, used 2596K [0x00000000d5580000, 0x00000000d7480000, 0x0000000100000000)
  eden space 24576K, 0% used [0x00000000d5580000,0x00000000d5580000,0x00000000d6d80000)
  from space 3072K, 84% used [0x00000000d6e80000,0x00000000d7109378,0x00000000d7180000)
  to   space 3072K, 0% used [0x00000000d7180000,0x00000000d7180000,0x00000000d7480000)
 ParOldGen       total 68608K, used 8916K [0x0000000080000000, 0x0000000084300000, 0x00000000d5580000)
  object space 68608K, 12% used [0x0000000080000000,0x00000000808b5078,0x0000000084300000)
 Metaspace       used 23068K, committed 23744K, reserved 1114112K
  class space    used 2242K, committed 2560K, reserved 1048576K
}
Event: 3.868 GC heap before
{Heap before GC invocations=9 (full 1):
 PSYoungGen      total 27648K, used 27172K [0x00000000d5580000, 0x00000000d7480000, 0x0000000100000000)
  eden space 24576K, 100% used [0x00000000d5580000,0x00000000d6d80000,0x00000000d6d80000)
  from space 3072K, 84% used [0x00000000d6e80000,0x00000000d7109378,0x00000000d7180000)
  to   space 3072K, 0% used [0x00000000d7180000,0x00000000d7180000,0x00000000d7480000)
 ParOldGen       total 68608K, used 8916K [0x0000000080000000, 0x0000000084300000, 0x00000000d5580000)
  object space 68608K, 12% used [0x0000000080000000,0x00000000808b5078,0x0000000084300000)
 Metaspace       used 26637K, committed 27456K, reserved 1114112K
  class space    used 2645K, committed 3008K, reserved 1048576K
}
Event: 3.874 GC heap after
{Heap after GC invocations=9 (full 1):
 PSYoungGen      total 27136K, used 2731K [0x00000000d5580000, 0x00000000d7480000, 0x0000000100000000)
  eden space 24064K, 0% used [0x00000000d5580000,0x00000000d5580000,0x00000000d6d00000)
  from space 3072K, 88% used [0x00000000d7180000,0x00000000d742ac08,0x00000000d7480000)
  to   space 3072K, 0% used [0x00000000d6e80000,0x00000000d6e80000,0x00000000d7180000)
 ParOldGen       total 68608K, used 10486K [0x0000000080000000, 0x0000000084300000, 0x00000000d5580000)
  object space 68608K, 15% used [0x0000000080000000,0x0000000080a3da98,0x0000000084300000)
 Metaspace       used 26637K, committed 27456K, reserved 1114112K
  class space    used 2645K, committed 3008K, reserved 1048576K
}
Event: 13.155 GC heap before
{Heap before GC invocations=10 (full 1):
 PSYoungGen      total 27136K, used 26783K [0x00000000d5580000, 0x00000000d7480000, 0x0000000100000000)
  eden space 24064K, 99% used [0x00000000d5580000,0x00000000d6cfd358,0x00000000d6d00000)
  from space 3072K, 88% used [0x00000000d7180000,0x00000000d742ac08,0x00000000d7480000)
  to   space 3072K, 0% used [0x00000000d6e80000,0x00000000d6e80000,0x00000000d7180000)
 ParOldGen       total 68608K, used 10486K [0x0000000080000000, 0x0000000084300000, 0x00000000d5580000)
  object space 68608K, 15% used [0x0000000080000000,0x0000000080a3da98,0x0000000084300000)
 Metaspace       used 29564K, committed 30400K, reserved 1114112K
  class space    used 2981K, committed 3328K, reserved 1048576K
}
Event: 13.158 GC heap after
{Heap after GC invocations=10 (full 1):
 PSYoungGen      total 26624K, used 3040K [0x00000000d5580000, 0x00000000d7480000, 0x0000000100000000)
  eden space 23552K, 0% used [0x00000000d5580000,0x00000000d5580000,0x00000000d6c80000)
  from space 3072K, 98% used [0x00000000d6e80000,0x00000000d7178010,0x00000000d7180000)
  to   space 3072K, 0% used [0x00000000d7180000,0x00000000d7180000,0x00000000d7480000)
 ParOldGen       total 68608K, used 11257K [0x0000000080000000, 0x0000000084300000, 0x00000000d5580000)
  object space 68608K, 16% used [0x0000000080000000,0x0000000080afe5f8,0x0000000084300000)
 Metaspace       used 29564K, committed 30400K, reserved 1114112K
  class space    used 2981K, committed 3328K, reserved 1048576K
}

Dll operation events (10 events):
Event: 0.009 Loaded shared library c:\Users\adity\.cursor\extensions\redhat.java-1.50.0-win32-x64\jre\21.0.9-win32-x86_64\bin\java.dll
Event: 0.072 Loaded shared library c:\Users\adity\.cursor\extensions\redhat.java-1.50.0-win32-x64\jre\21.0.9-win32-x86_64\bin\zip.dll
Event: 0.096 Loaded shared library C:\Users\adity\.cursor\extensions\redhat.java-1.50.0-win32-x64\jre\21.0.9-win32-x86_64\bin\instrument.dll
Event: 0.101 Loaded shared library C:\Users\adity\.cursor\extensions\redhat.java-1.50.0-win32-x64\jre\21.0.9-win32-x86_64\bin\net.dll
Event: 0.103 Loaded shared library C:\Users\adity\.cursor\extensions\redhat.java-1.50.0-win32-x64\jre\21.0.9-win32-x86_64\bin\nio.dll
Event: 0.105 Loaded shared library C:\Users\adity\.cursor\extensions\redhat.java-1.50.0-win32-x64\jre\21.0.9-win32-x86_64\bin\zip.dll
Event: 0.120 Loaded shared library C:\Users\adity\.cursor\extensions\redhat.java-1.50.0-win32-x64\jre\21.0.9-win32-x86_64\bin\jimage.dll
Event: 0.191 Loaded shared library c:\Users\adity\.cursor\extensions\redhat.java-1.50.0-win32-x64\jre\21.0.9-win32-x86_64\bin\verify.dll
Event: 1.237 Loaded shared library C:\Users\adity\AppData\Roaming\Cursor\User\globalStorage\redhat.java\1.50.0\config_ss_win\org.eclipse.equinox.launcher\org.eclipse.equinox.launcher.win32.win32.x86_64_1.2.1400.v20250801-0854\eclipse_11916.dll
Event: 2.450 Loaded shared library C:\Users\adity\AppData\Local\Temp\jna-92665259\jna14871356238864134288.dll

Deoptimization events (20 events):
Event: 13.249 Thread 0x00000175e472b250 Uncommon trap: trap_request=0xffffffc6 fr.pc=0x000001758eb74f2c relative=0x00000000000003ac
Event: 13.249 Thread 0x00000175e472b250 Uncommon trap: reason=bimorphic_or_optimized_type_check action=maybe_recompile pc=0x000001758eb74f2c method=java.util.regex.Pattern$BmpCharPropertyGreedy.match(Ljava/util/regex/Matcher;ILjava/lang/CharSequence;)Z @ 26 c2
Event: 13.249 Thread 0x00000175e472b250 DEOPT PACKING pc=0x000001758eb74f2c sp=0x00000032501fd7a0
Event: 13.249 Thread 0x00000175e472b250 DEOPT UNPACKING pc=0x000001758e483aa2 sp=0x00000032501fd738 mode 2
Event: 13.249 Thread 0x00000175e472b250 Uncommon trap: trap_request=0xffffffc6 fr.pc=0x000001758eb74f2c relative=0x00000000000003ac
Event: 13.249 Thread 0x00000175e472b250 Uncommon trap: reason=bimorphic_or_optimized_type_check action=maybe_recompile pc=0x000001758eb74f2c method=java.util.regex.Pattern$BmpCharPropertyGreedy.match(Ljava/util/regex/Matcher;ILjava/lang/CharSequence;)Z @ 26 c2
Event: 13.249 Thread 0x00000175e472b250 DEOPT PACKING pc=0x000001758eb74f2c sp=0x00000032501fd9c0
Event: 13.249 Thread 0x00000175e472b250 DEOPT UNPACKING pc=0x000001758e483aa2 sp=0x00000032501fd958 mode 2
Event: 13.249 Thread 0x00000175e472b250 Uncommon trap: trap_request=0xffffffc6 fr.pc=0x000001758eb74f2c relative=0x00000000000003ac
Event: 13.249 Thread 0x00000175e472b250 Uncommon trap: reason=bimorphic_or_optimized_type_check action=maybe_recompile pc=0x000001758eb74f2c method=java.util.regex.Pattern$BmpCharPropertyGreedy.match(Ljava/util/regex/Matcher;ILjava/lang/CharSequence;)Z @ 26 c2
Event: 13.249 Thread 0x00000175e472b250 DEOPT PACKING pc=0x000001758eb74f2c sp=0x00000032501fd7a0
Event: 13.249 Thread 0x00000175e472b250 DEOPT UNPACKING pc=0x000001758e483aa2 sp=0x00000032501fd738 mode 2
Event: 13.288 Thread 0x00000175e472b250 Uncommon trap: trap_request=0xffffffde fr.pc=0x000001758eb7b8fc relative=0x000000000000031c
Event: 13.288 Thread 0x00000175e472b250 Uncommon trap: reason=class_check action=maybe_recompile pc=0x000001758eb7b8fc method=java.util.HashMap.removeNode(ILjava/lang/Object;Ljava/lang/Object;ZZ)Ljava/util/HashMap$Node; @ 283 c2
Event: 13.288 Thread 0x00000175e472b250 DEOPT PACKING pc=0x000001758eb7b8fc sp=0x00000032501fe840
Event: 13.288 Thread 0x00000175e472b250 DEOPT UNPACKING pc=0x000001758e483aa2 sp=0x00000032501fe738 mode 2
Event: 14.463 Thread 0x00000175e472b250 Uncommon trap: trap_request=0xffffff45 fr.pc=0x000001758ea15940 relative=0x00000000000004c0
Event: 14.463 Thread 0x00000175e472b250 Uncommon trap: reason=unstable_if action=reinterpret pc=0x000001758ea15940 method=java.util.HashMap$HashIterator.<init>(Ljava/util/HashMap;)V @ 45 c2
Event: 14.463 Thread 0x00000175e472b250 DEOPT PACKING pc=0x000001758ea15940 sp=0x00000032501fe3a0
Event: 14.463 Thread 0x00000175e472b250 DEOPT UNPACKING pc=0x000001758e483aa2 sp=0x00000032501fe210 mode 2

Classes loaded (20 events):
Event: 13.243 Loading class java/util/concurrent/CompletableFuture$AltResult
Event: 13.243 Loading class java/util/concurrent/CompletableFuture$AltResult done
Event: 13.243 Loading class java/util/concurrent/CompletableFuture$Completion
Event: 13.243 Loading class java/util/concurrent/CompletableFuture$AsynchronousCompletionTask
Event: 13.244 Loading class java/util/concurrent/CompletableFuture$AsynchronousCompletionTask done
Event: 13.244 Loading class java/util/concurrent/CompletableFuture$Completion done
Event: 13.268 Loading class sun/nio/ch/WindowsAsynchronousFileChannelImpl$WriteTask
Event: 13.268 Loading class sun/nio/ch/WindowsAsynchronousFileChannelImpl$WriteTask done
Event: 14.530 Loading class java/util/concurrent/CompletableFuture$UniApply
Event: 14.530 Loading class java/util/concurrent/CompletableFuture$UniCompletion
Event: 14.530 Loading class java/util/concurrent/CompletableFuture$UniCompletion done
Event: 14.530 Loading class java/util/concurrent/CompletableFuture$UniApply done
Event: 14.531 Loading class java/util/concurrent/CancellationException
Event: 14.531 Loading class java/util/concurrent/CancellationException done
Event: 14.532 Loading class java/util/concurrent/CompletableFuture$UniAccept
Event: 14.532 Loading class java/util/concurrent/CompletableFuture$UniAccept done
Event: 14.532 Loading class java/util/concurrent/CompletableFuture$UniExceptionally
Event: 14.532 Loading class java/util/concurrent/CompletableFuture$UniExceptionally done
Event: 14.543 Loading class java/nio/file/InvalidPathException
Event: 14.544 Loading class java/nio/file/InvalidPathException done

Classes unloaded (7 events):
Event: 3.009 Thread 0x0000017583c93d10 Unloading class 0x000001759c189800 'java/lang/invoke/LambdaForm$MH+0x000001759c189800'
Event: 3.009 Thread 0x0000017583c93d10 Unloading class 0x000001759c189400 'java/lang/invoke/LambdaForm$MH+0x000001759c189400'
Event: 3.009 Thread 0x0000017583c93d10 Unloading class 0x000001759c189000 'java/lang/invoke/LambdaForm$MH+0x000001759c189000'
Event: 3.009 Thread 0x0000017583c93d10 Unloading class 0x000001759c188c00 'java/lang/invoke/LambdaForm$MH+0x000001759c188c00'
Event: 3.009 Thread 0x0000017583c93d10 Unloading class 0x000001759c188800 'java/lang/invoke/LambdaForm$BMH+0x000001759c188800'
Event: 3.009 Thread 0x0000017583c93d10 Unloading class 0x000001759c188400 'java/lang/invoke/LambdaForm$DMH+0x000001759c188400'
Event: 3.009 Thread 0x0000017583c93d10 Unloading class 0x000001759c183000 'java/lang/invoke/LambdaForm$DMH+0x000001759c183000'

Classes redefined (0 events):
No events

Internal exceptions (20 events):
Event: 3.841 Thread 0x00000175e2c3dba0 Exception <a 'sun/nio/fs/WindowsException'{0x00000000d6b40d38}> (0x00000000d6b40d38) 
thrown [s\src\hotspot\share\prims\jni.cpp, line 520]
Event: 3.842 Thread 0x00000175e2c3dba0 Exception <a 'sun/nio/fs/WindowsException'{0x00000000d6b416b8}> (0x00000000d6b416b8) 
thrown [s\src\hotspot\share\prims\jni.cpp, line 520]
Event: 3.842 Thread 0x00000175e2c3dba0 Exception <a 'sun/nio/fs/WindowsException'{0x00000000d6b41ce8}> (0x00000000d6b41ce8) 
thrown [s\src\hotspot\share\prims\jni.cpp, line 520]
Event: 3.842 Thread 0x00000175e2c3dba0 Exception <a 'sun/nio/fs/WindowsException'{0x00000000d6b43208}> (0x00000000d6b43208) 
thrown [s\src\hotspot\share\prims\jni.cpp, line 520]
Event: 3.842 Thread 0x00000175e2c3dba0 Exception <a 'sun/nio/fs/WindowsException'{0x00000000d6b43838}> (0x00000000d6b43838) 
thrown [s\src\hotspot\share\prims\jni.cpp, line 520]
Event: 3.846 Thread 0x00000175e2c3dba0 Exception <a 'java/lang/NoSuchMethodError'{0x00000000d6b809a8}: 'void java.lang.invoke.DirectMethodHandle$Holder.invokeVirtual(java.lang.Object, java.lang.Object, java.lang.Object, java.lang.Object)'> (0x00000000d6b809a8) 
thrown [s\src\hotspot\share\interpreter\linkResolver.cpp, line 773]
Event: 3.964 Thread 0x00000175e2c3dba0 Exception <a 'java/io/FileNotFoundException'{0x00000000d5c82a98}> (0x00000000d5c82a98) 
thrown [s\src\hotspot\share\prims\jni.cpp, line 520]
Event: 3.965 Thread 0x00000175e2c3dba0 Exception <a 'java/io/FileNotFoundException'{0x00000000d5c83d28}> (0x00000000d5c83d28) 
thrown [s\src\hotspot\share\prims\jni.cpp, line 520]
Event: 3.966 Thread 0x00000175e2c3dba0 Exception <a 'java/lang/NoSuchMethodError'{0x00000000d5ccb240}: 'java.lang.Object java.lang.invoke.DirectMethodHandle$Holder.newInvokeSpecial(java.lang.Object, java.lang.Object, java.lang.Object, int)'> (0x00000000d5ccb240) 
thrown [s\src\hotspot\share\interpreter\linkResolver.cpp, line 773]
Event: 3.966 Thread 0x00000175e2c3dba0 Exception <a 'java/lang/NoSuchMethodError'{0x00000000d5cf9750}: 'java.lang.Object java.lang.invoke.DirectMethodHandle$Holder.invokeSpecial(java.lang.Object, java.lang.Object, java.lang.Object, java.lang.Object, int)'> (0x00000000d5cf9750) 
thrown [s\src\hotspot\share\interpreter\linkResolver.cpp, line 773]
Event: 3.967 Thread 0x00000175e2c3dba0 Exception <a 'java/lang/NoSuchMethodError'{0x00000000d5cfcbe8}: 'java.lang.Object java.lang.invoke.Invokers$Holder.linkToTargetMethod(java.lang.Object, java.lang.Object, int, java.lang.Object)'> (0x00000000d5cfcbe8) 
thrown [s\src\hotspot\share\interpreter\linkResolver.cpp, line 773]
Event: 3.969 Thread 0x00000175e2c3dba0 Exception <a 'java/lang/NoSuchMethodError'{0x00000000d5d32b38}: 'void java.lang.invoke.DirectMethodHandle$Holder.invokeStaticInit(java.lang.Object, java.lang.Object, java.lang.Object)'> (0x00000000d5d32b38) 
thrown [s\src\hotspot\share\interpreter\linkResolver.cpp, line 773]
Event: 3.999 Thread 0x0000017583cff980 Exception <a 'java/lang/NoSuchMethodError'{0x00000000d5fcc1c0}: 'void java.lang.invoke.DirectMethodHandle$Holder.invokeSpecial(java.lang.Object, java.lang.Object, java.lang.Object, java.lang.Object, java.lang.Object, java.lang.Object)'> (0x00000000d5fcc1c0) 
thrown [s\src\hotspot\share\interpreter\linkResolver.cpp, line 773]
Event: 4.001 Thread 0x0000017583cff980 Exception <a 'java/lang/IncompatibleClassChangeError'{0x00000000d5fd4540}: Found class java.lang.Object, but interface was expected> (0x00000000d5fd4540) 
thrown [s\src\hotspot\share\interpreter\linkResolver.cpp, line 840]
Event: 4.001 Thread 0x0000017583cff980 Exception <a 'java/lang/IncompatibleClassChangeError'{0x00000000d5fd62f0}: Found class java.lang.Object, but interface was expected> (0x00000000d5fd62f0) 
thrown [s\src\hotspot\share\interpreter\linkResolver.cpp, line 840]
Event: 13.111 Thread 0x00000175e472b250 Exception <a 'java/lang/NoSuchMethodError'{0x00000000d67253c0}: 'java.lang.Object java.lang.invoke.DirectMethodHandle$Holder.invokeInterface(java.lang.Object, java.lang.Object, java.lang.Object)'> (0x00000000d67253c0) 
thrown [s\src\hotspot\share\interpreter\linkResolver.cpp, line 773]
Event: 13.133 Thread 0x00000175e472b250 Exception <a 'java/io/FileNotFoundException'{0x00000000d67bd568}> (0x00000000d67bd568) 
thrown [s\src\hotspot\share\prims\jni.cpp, line 520]
Event: 13.188 Thread 0x00000175e472b250 Exception <a 'sun/nio/fs/WindowsException'{0x00000000d5625fd0}> (0x00000000d5625fd0) 
thrown [s\src\hotspot\share\prims\jni.cpp, line 520]
Event: 14.460 Thread 0x00000175e472b250 Exception <a 'java/lang/IncompatibleClassChangeError'{0x00000000d5998dc0}: Found class java.lang.Object, but interface was expected> (0x00000000d5998dc0) 
thrown [s\src\hotspot\share\interpreter\linkResolver.cpp, line 840]
Event: 14.521 Thread 0x00000175e472b250 Exception <a 'java/lang/IncompatibleClassChangeError'{0x00000000d5abeb60}: Found class java.lang.Object, but interface was expected> (0x00000000d5abeb60) 
thrown [s\src\hotspot\share\interpreter\linkResolver.cpp, line 840]

ZGC Phase Switch (0 events):
No events

VM Operations (20 events):
Event: 3.429 Executing VM operation: ParallelGCFailedAllocation (Allocation Failure) done
Event: 3.466 Executing VM operation: HandshakeAllThreads (Deoptimize)
Event: 3.466 Executing VM operation: HandshakeAllThreads (Deoptimize) done
Event: 3.499 Executing VM operation: HandshakeAllThreads (Deoptimize)
Event: 3.500 Executing VM operation: HandshakeAllThreads (Deoptimize) done
Event: 3.608 Executing VM operation: HandshakeAllThreads (Deoptimize)
Event: 3.608 Executing VM operation: HandshakeAllThreads (Deoptimize) done
Event: 3.868 Executing VM operation: ParallelGCFailedAllocation (Allocation Failure)
Event: 3.874 Executing VM operation: ParallelGCFailedAllocation (Allocation Failure) done
Event: 4.877 Executing VM operation: Cleanup
Event: 4.877 Executing VM operation: Cleanup done
Event: 6.885 Executing VM operation: Cleanup
Event: 6.885 Executing VM operation: Cleanup done
Event: 13.155 Executing VM operation: ParallelGCFailedAllocation (Allocation Failure)
Event: 13.158 Executing VM operation: ParallelGCFailedAllocation (Allocation Failure) done
Event: 14.160 Executing VM operation: Cleanup
Event: 14.161 Executing VM operation: Cleanup done
Event: 15.162 Executing VM operation: Cleanup
Event: 15.162 Executing VM operation: Cleanup done
Event: 18.183 Executing VM operation: Cleanup

Memory protections (0 events):
No events

Nmethod flushes (0 events):
No events

Events (20 events):
Event: 3.473 Thread 0x00000175e2c2d9d0 Thread exited: 0x00000175e2c2d9d0
Event: 3.769 Thread 0x0000017583cff980 Thread added: 0x00000175e2c2c620
Event: 3.769 Thread 0x0000017583cff980 Thread added: 0x00000175e2c2ccb0
Event: 3.769 Thread 0x0000017583cff980 Thread added: 0x00000175e2c2d340
Event: 3.769 Thread 0x0000017583cff980 Thread added: 0x00000175e2c2e060
Event: 3.770 Thread 0x0000017583cff980 Thread added: 0x00000175e2c2e6f0
Event: 3.770 Thread 0x0000017583cff980 Thread added: 0x00000175e2c2ed80
Event: 3.770 Thread 0x0000017583cff980 Thread added: 0x00000175e2c2f410
Event: 3.770 Thread 0x0000017583cff980 Thread added: 0x00000175e2c2d9d0
Event: 3.770 Thread 0x0000017583cff980 Thread added: 0x00000175e472bf70
Event: 3.770 Thread 0x0000017583cff980 Thread added: 0x00000175e4729810
Event: 3.770 Thread 0x0000017583cff980 Thread added: 0x00000175e472abc0
Event: 3.770 Thread 0x0000017583cff980 Thread added: 0x00000175e472c600
Event: 3.770 Thread 0x0000017583cff980 Thread added: 0x00000175e4729180
Event: 3.820 Thread 0x0000017583cff980 Thread added: 0x00000175e472cc90
Event: 3.960 Thread 0x00000175e2c2bf90 Thread added: 0x00000175e472d320
Event: 4.019 Thread 0x0000017583cff980 Thread added: 0x00000175e4729ea0
Event: 4.020 Thread 0x0000017583cff980 Thread added: 0x00000175e472b250
Event: 6.582 Thread 0x00000175e292c890 Thread exited: 0x00000175e292c890
Event: 14.532 Thread 0x00000175e472b250 Thread added: 0x00000175e472d9b0


Dynamic libraries:
0x00007ff6a4520000 - 0x00007ff6a452e000 	c:\Users\adity\.cursor\extensions\redhat.java-1.50.0-win32-x64\jre\21.0.9-win32-x86_64\bin\java.exe
0x00007fff816e0000 - 0x00007fff81947000 	C:\WINDOWS\SYSTEM32\ntdll.dll
0x00007fff80c40000 - 0x00007fff80d09000 	C:\WINDOWS\System32\KERNEL32.DLL
0x00007fff7eb70000 - 0x00007fff7ef5f000 	C:\WINDOWS\System32\KERNELBASE.dll
0x00007fff7efa0000 - 0x00007fff7f0eb000 	C:\WINDOWS\System32\ucrtbase.dll
0x00007fff6ea90000 - 0x00007fff6eaa8000 	c:\Users\adity\.cursor\extensions\redhat.java-1.50.0-win32-x64\jre\21.0.9-win32-x86_64\bin\jli.dll
0x00007fff6eb10000 - 0x00007fff6eb2e000 	c:\Users\adity\.cursor\extensions\redhat.java-1.50.0-win32-x64\jre\21.0.9-win32-x86_64\bin\VCRUNTIME140.dll
0x00007fff80d60000 - 0x00007fff80f25000 	C:\WINDOWS\System32\USER32.dll
0x00007fff5f090000 - 0x00007fff5f323000 	C:\WINDOWS\WinSxS\amd64_microsoft.windows.common-controls_6595b64144ccf1df_6.0.26100.7309_none_3e05feeae336a044\COMCTL32.dll
0x00007fff7ef70000 - 0x00007fff7ef97000 	C:\WINDOWS\System32\win32u.dll
0x00007fff80920000 - 0x00007fff809c9000 	C:\WINDOWS\System32\msvcrt.dll
0x00007fff803b0000 - 0x00007fff803db000 	C:\WINDOWS\System32\GDI32.dll
0x00007fff7ea40000 - 0x00007fff7eb6c000 	C:\WINDOWS\System32\gdi32full.dll
0x00007fff7f310000 - 0x00007fff7f3b3000 	C:\WINDOWS\System32\msvcp_win.dll
0x00007fff80d10000 - 0x00007fff80d41000 	C:\WINDOWS\System32\IMM32.DLL
0x00007fff76090000 - 0x00007fff7609c000 	c:\Users\adity\.cursor\extensions\redhat.java-1.50.0-win32-x64\jre\21.0.9-win32-x86_64\bin\vcruntime140_1.dll
0x00007fff2ef40000 - 0x00007fff2efcd000 	c:\Users\adity\.cursor\extensions\redhat.java-1.50.0-win32-x64\jre\21.0.9-win32-x86_64\bin\msvcp140.dll
0x00007ffe8f950000 - 0x00007ffe906f0000 	c:\Users\adity\.cursor\extensions\redhat.java-1.50.0-win32-x64\jre\21.0.9-win32-x86_64\bin\server\jvm.dll
0x00007fff815e0000 - 0x00007fff81694000 	C:\WINDOWS\System32\ADVAPI32.dll
0x00007fff81110000 - 0x00007fff811b6000 	C:\WINDOWS\System32\sechost.dll
0x00007fff813a0000 - 0x00007fff814b8000 	C:\WINDOWS\System32\RPCRT4.dll
0x00007fff812c0000 - 0x00007fff81334000 	C:\WINDOWS\System32\WS2_32.dll
0x00007fff7e6b0000 - 0x00007fff7e70e000 	C:\WINDOWS\SYSTEM32\POWRPROF.dll
0x00007fff75c50000 - 0x00007fff75c85000 	C:\WINDOWS\SYSTEM32\WINMM.dll
0x00007fff77a50000 - 0x00007fff77a5b000 	C:\WINDOWS\SYSTEM32\VERSION.dll
0x00007fff7e690000 - 0x00007fff7e6a4000 	C:\WINDOWS\SYSTEM32\UMPDC.dll
0x00007fff7d5b0000 - 0x00007fff7d5cb000 	C:\WINDOWS\SYSTEM32\kernel.appcore.dll
0x00007fff736d0000 - 0x00007fff736da000 	c:\Users\adity\.cursor\extensions\redhat.java-1.50.0-win32-x64\jre\21.0.9-win32-x86_64\bin\jimage.dll
0x00007fff68d00000 - 0x00007fff68f42000 	C:\WINDOWS\SYSTEM32\DBGHELP.DLL
0x00007fff7f4a0000 - 0x00007fff7f825000 	C:\WINDOWS\System32\combase.dll
0x00007fff80b50000 - 0x00007fff80c26000 	C:\WINDOWS\System32\OLEAUT32.dll
0x00007fff48980000 - 0x00007fff489bc000 	C:\WINDOWS\SYSTEM32\dbgcore.DLL
0x00007fff7f260000 - 0x00007fff7f305000 	C:\WINDOWS\System32\bcryptPrimitives.dll
0x00007fff72910000 - 0x00007fff7291f000 	c:\Users\adity\.cursor\extensions\redhat.java-1.50.0-win32-x64\jre\21.0.9-win32-x86_64\bin\instrument.dll
0x00007fff6ce40000 - 0x00007fff6ce60000 	c:\Users\adity\.cursor\extensions\redhat.java-1.50.0-win32-x64\jre\21.0.9-win32-x86_64\bin\java.dll
0x00007fff7f8c0000 - 0x00007fff80013000 	C:\WINDOWS\System32\SHELL32.dll
0x00007fff7f0f0000 - 0x00007fff7f25a000 	C:\WINDOWS\System32\wintypes.dll
0x00007fff7c410000 - 0x00007fff7cc6e000 	C:\WINDOWS\SYSTEM32\windows.storage.dll
0x00007fff811c0000 - 0x00007fff812b5000 	C:\WINDOWS\System32\SHCORE.dll
0x00007fff808b0000 - 0x00007fff80916000 	C:\WINDOWS\System32\shlwapi.dll
0x00007fff7e750000 - 0x00007fff7e779000 	C:\WINDOWS\SYSTEM32\profapi.dll
0x00007fff6ba00000 - 0x00007fff6ba18000 	c:\Users\adity\.cursor\extensions\redhat.java-1.50.0-win32-x64\jre\21.0.9-win32-x86_64\bin\zip.dll
0x00007fff728d0000 - 0x00007fff728e0000 	C:\Users\adity\.cursor\extensions\redhat.java-1.50.0-win32-x64\jre\21.0.9-win32-x86_64\bin\net.dll
0x00007fff76620000 - 0x00007fff76748000 	C:\WINDOWS\SYSTEM32\WINHTTP.dll
0x00007fff7db50000 - 0x00007fff7dbbb000 	C:\WINDOWS\system32\mswsock.dll
0x00007fff4a4e0000 - 0x00007fff4a4f6000 	C:\Users\adity\.cursor\extensions\redhat.java-1.50.0-win32-x64\jre\21.0.9-win32-x86_64\bin\nio.dll
0x00007fff72550000 - 0x00007fff72560000 	c:\Users\adity\.cursor\extensions\redhat.java-1.50.0-win32-x64\jre\21.0.9-win32-x86_64\bin\verify.dll
0x00007fff10330000 - 0x00007fff10374000 	C:\Users\adity\AppData\Roaming\Cursor\User\globalStorage\redhat.java\1.50.0\config_ss_win\org.eclipse.equinox.launcher\org.eclipse.equinox.launcher.win32.win32.x86_64_1.2.1400.v20250801-0854\eclipse_11916.dll
0x00007fff80190000 - 0x00007fff80327000 	C:\WINDOWS\System32\ole32.dll
0x00007fff7de20000 - 0x00007fff7de3b000 	C:\WINDOWS\SYSTEM32\CRYPTSP.dll
0x00007fff7d510000 - 0x00007fff7d54a000 	C:\WINDOWS\system32\rsaenh.dll
0x00007fff7dc00000 - 0x00007fff7dc2b000 	C:\WINDOWS\SYSTEM32\USERENV.dll
0x00007fff7e720000 - 0x00007fff7e74a000 	C:\WINDOWS\SYSTEM32\bcrypt.dll
0x00007fff7de10000 - 0x00007fff7de1c000 	C:\WINDOWS\SYSTEM32\CRYPTBASE.dll
0x00007fff7cf90000 - 0x00007fff7cfc4000 	C:\WINDOWS\SYSTEM32\IPHLPAPI.DLL
0x00007fff80c30000 - 0x00007fff80c3a000 	C:\WINDOWS\System32\NSI.dll
0x00007fff0ef10000 - 0x00007fff0ef59000 	C:\Users\adity\AppData\Local\Temp\jna-92665259\jna14871356238864134288.dll
0x00007fff80d50000 - 0x00007fff80d58000 	C:\WINDOWS\System32\PSAPI.DLL
0x00007fff76300000 - 0x00007fff7631e000 	C:\WINDOWS\SYSTEM32\dhcpcsvc6.DLL
0x00007fff75e50000 - 0x00007fff75e73000 	C:\WINDOWS\SYSTEM32\dhcpcsvc.DLL

JVMTI agents:
c:\Users\adity\.cursor\extensions\redhat.java-1.50.0-win32-x64\lombok\lombok-1.18.39-4050.jar path:c:\Users\adity\.cursor\extensions\redhat.java-1.50.0-win32-x64\jre\21.0.9-win32-x86_64\bin\instrument.dll, loaded, initialized, instrumentlib options:none

dbghelp: loaded successfully - version: 4.0.5 - missing functions: none
symbol engine: initialized successfully - sym options: 0x614 - pdb path: .;c:\Users\adity\.cursor\extensions\redhat.java-1.50.0-win32-x64\jre\21.0.9-win32-x86_64\bin;C:\WINDOWS\SYSTEM32;C:\WINDOWS\WinSxS\amd64_microsoft.windows.common-controls_6595b64144ccf1df_6.0.26100.7309_none_3e05feeae336a044;c:\Users\adity\.cursor\extensions\redhat.java-1.50.0-win32-x64\jre\21.0.9-win32-x86_64\bin\server;C:\Users\adity\AppData\Roaming\Cursor\User\globalStorage\redhat.java\1.50.0\config_ss_win\org.eclipse.equinox.launcher\org.eclipse.equinox.launcher.win32.win32.x86_64_1.2.1400.v20250801-0854;C:\Users\adity\AppData\Local\Temp\jna-92665259

VM Arguments:
jvm_args: --add-modules=ALL-SYSTEM --add-opens=java.base/java.util=ALL-UNNAMED --add-opens=java.base/java.lang=ALL-UNNAMED --add-opens=java.base/sun.nio.fs=ALL-UNNAMED -Declipse.application=org.eclipse.jdt.ls.core.id1 -Dosgi.bundles.defaultStartLevel=4 -Declipse.product=org.eclipse.jdt.ls.core.product -Djava.import.generatesMetadataFilesAtProjectRoot=false -DDetectVMInstallationsJob.disabled=true -Dfile.encoding=utf8 -XX:+UseParallelGC -XX:GCTimeRatio=4 -XX:AdaptiveSizePolicyWeight=90 -Dsun.zip.disableMemoryMapping=true -Xmx2G -Xms100m -Xlog:disable -javaagent:c:\Users\adity\.cursor\extensions\redhat.java-1.50.0-win32-x64\lombok\lombok-1.18.39-4050.jar 
java_command: c:\Users\adity\.cursor\extensions\redhat.java-1.50.0-win32-x64\server\plugins\org.eclipse.equinox.launcher_1.7.100.v20251111-0406.jar -configuration c:\Users\adity\AppData\Roaming\Cursor\User\globalStorage\redhat.java\1.50.0\config_ss_win -data c:\Users\adity\AppData\Roaming\Cursor\User\workspaceStorage\ab63fb738abd03072bb8b1758bd33c6f\redhat.java\ss_ws --pipe=\\.\pipe\lsp-2a9d3f90b2ab0adb50bc3e2439b5a514-sock
java_class_path (initial): c:\Users\adity\.cursor\extensions\redhat.java-1.50.0-win32-x64\server\plugins\org.eclipse.equinox.launcher_1.7.100.v20251111-0406.jar
Launcher Type: SUN_STANDARD

[Global flags]
    uintx AdaptiveSizePolicyWeight                 = 90                                        {product} {command line}
     intx CICompilerCount                          = 4                                         {product} {ergonomic}
    uintx GCTimeRatio                              = 4                                         {product} {command line}
   size_t InitialHeapSize                          = 104857600                                 {product} {command line}
   size_t MaxHeapSize                              = 2147483648                                {product} {command line}
   size_t MaxNewSize                               = 715653120                                 {product} {ergonomic}
   size_t MinHeapDeltaBytes                        = 524288                                    {product} {ergonomic}
   size_t MinHeapSize                              = 104857600                                 {product} {command line}
   size_t NewSize                                  = 34603008                                  {product} {ergonomic}
    uintx NonNMethodCodeHeapSize                   = 5839372                                {pd product} {ergonomic}
    uintx NonProfiledCodeHeapSize                  = 122909434                              {pd product} {ergonomic}
   size_t OldSize                                  = 70254592                                  {product} {ergonomic}
    uintx ProfiledCodeHeapSize                     = 122909434                              {pd product} {ergonomic}
    uintx ReservedCodeCacheSize                    = 251658240                              {pd product} {ergonomic}
     bool SegmentedCodeCache                       = true                                      {product} {ergonomic}
   size_t SoftMaxHeapSize                          = 2147483648                             {manageable} {ergonomic}
     bool UseCompressedOops                        = true                           {product lp64_product} {ergonomic}
     bool UseLargePagesIndividualAllocation        = false                                  {pd product} {ergonomic}
     bool UseParallelGC                            = true                                      {product} {command line}

Logging:
Log output configuration:
 #0: stdout all=off uptime,level,tags foldmultilines=false
 #1: stderr all=off uptime,level,tags foldmultilines=false

Release file:
JAVA_VERSION="21.0.9" 
MODULES="java.base java.compiler java.datatransfer java.xml java.prefs java.desktop java.instrument java.logging java.management java.security.sasl java.naming java.rmi java.management.rmi java.net.http java.scripting java.security.jgss java.transaction.xa java.sql java.sql.rowset java.xml.crypto java.se java.smartcardio jdk.accessibility jdk.internal.jvmstat jdk.attach jdk.charsets jdk.internal.opt jdk.zipfs jdk.compiler jdk.crypto.ec jdk.crypto.cryptoki jdk.crypto.mscapi jdk.dynalink jdk.internal.ed jdk.editpad jdk.hotspot.agent jdk.httpserver jdk.internal.le jdk.internal.vm.ci jdk.internal.vm.compiler jdk.internal.vm.compiler.management jdk.jartool jdk.javadoc jdk.jcmd jdk.management jdk.management.agent jdk.jconsole jdk.jdeps jdk.jdwp.agent jdk.jdi jdk.jfr jdk.jshell jdk.jsobject jdk.jstatd jdk.localedata jdk.management.jfr jdk.naming.dns jdk.naming.rmi jdk.net jdk.nio.mapmode jdk.random jdk.sctp jdk.security.auth jdk.security.jgss jdk.unsupported jdk.unsupported.desktop jdk.xml.dom" 

Environment Variables:
JAVA_HOME=C:\Program Files\Java\jdk-17
PATH=C:\app\adity\product\21c\dbhomeXE\bin;C:\WINDOWS\system32;C:\WINDOWS;C:\WINDOWS\System32\Wbem;C:\WINDOWS\System32\WindowsPowerShell\v1.0\;C:\WINDOWS\System32\OpenSSH\;C:\Program Files\Apache\maven\bin;C:\Program Files\Java\jdk-17\bin;C:\Program Files\nodejs\;C:\ProgramData\chocolatey\bin;C:\Users\adity\AppData\Roaming\npm;C:\Program Files\Git\cmd;C:\Program Files\Git\bin;C:\Program Files\dotnet\;C:\ProgramData\anaconda3;C:\ProgramData\anaconda3\Scripts;C:\ProgramData\anaconda3\Library\bin;C:\Program Files\GitHub CLI\;C:\Program Files\MongoDB\Server\8.0\bin;c:\Users\adity\AppData\Local\Programs\cursor\resources\app\bin;C:\php-8.3.23;C:\Users\adity\kotlin-compiler-2.2.0\kotlinc\bin;C:\Users\adity\AppData\Local\Android\Sdk\platform-tools;C:\Program Files\PostgreSQL\17\bin;;C:\Program Files\Docker\Docker\resources\bin;C:\Program Files\cursor\resources\app\bin;c:\Users\adity\AppData\Local\Programs\Trae\bin;C:\ProgramData\anaconda3\condabin;C:\WINDOWS\system32;C:\WINDOWS;C:\WINDOWS\System32\Wbem;C:\WINDOWS\System32\WindowsPowerShell\v1.0\;C:\WINDOWS\System32\OpenSSH\;C:\Program Files\Apache\maven\bin;C:\Program Files\Java\jdk-17\bin;C:\Program Files\nodejs\;C:\ProgramData\chocolatey\bin;C:\Users\adity\AppData\Roaming\npm;C:\Program Files\Git\cmd;C:\Program Files\Git\bin;C:\Program Files\dotnet\;C:\ProgramData\anaconda3;C:\ProgramData\anaconda3\Scripts;C:\ProgramData\anaconda3\Library\bin;C:\Program Files\GitHub CLI\;C:\Program Files\MongoDB\Server\8.0\bin;C:\Users\adity\AppData\Local\Programs\Python\Python313\Scripts\;C:\Users\adity\AppData\Local\Programs\Python\Python313\;C:\Users\adity\AppData\Local\Programs\Python\Launcher\;C:\Users\adity\AppData\Local\Programs\Microsoft VS Code\bin;C:\Users\adity\.foundry\bin;C:\src\flutter\bin;C:\Users\adity\.dotnet\tools;C:\Users\adity\AppData\Loca;C:\Users\adity\AppData\Local\Muse Hub\lib;C:\Users\adity\AppData\Local\Programs\cursor\resources\app\bin;C:\Users\adity\kotlin-compiler-2.2.0\kotlinc\bin;C:\Users\adity\AppData\Local\Programs\Windsurf\bin
USERNAME=adity
OS=Windows_NT
PROCESSOR_IDENTIFIER=AMD64 Family 25 Model 80 Stepping 0, AuthenticAMD
TMP=C:\Users\adity\AppData\Local\Temp
TEMP=C:\Users\adity\AppData\Local\Temp




Periodic native trim disabled

---------------  S Y S T E M  ---------------

OS:
 Windows 11 , 64 bit Build 26100 (10.0.26100.7309)
OS uptime: 2 days 12:25 hours
Hyper-V role detected

CPU: total 12 (initial active 12) (12 cores per cpu, 2 threads per core) family 25 model 80 stepping 0 microcode 0xa50000c, cx8, cmov, fxsr, ht, mmx, 3dnowpref, sse, sse2, sse3, ssse3, sse4a, sse4.1, sse4.2, popcnt, lzcnt, tsc, tscinvbit, avx, avx2, aes, erms, clmul, bmi1, bmi2, adx, sha, fma, vzeroupper, clflush, clflushopt, hv, rdtscp, rdpid, fsrm, f16c, cet_ss
Processor Information for processor 0
  Max Mhz: 3301, Current Mhz: 3301, Mhz Limit: 3301
Processor Information for processor 1
  Max Mhz: 3301, Current Mhz: 2011, Mhz Limit: 3301
Processor Information for processor 2
  Max Mhz: 3301, Current Mhz: 3301, Mhz Limit: 3301
Processor Information for processor 3
  Max Mhz: 3301, Current Mhz: 2011, Mhz Limit: 3301
Processor Information for processor 4
  Max Mhz: 3301, Current Mhz: 3301, Mhz Limit: 3301
Processor Information for processor 5
  Max Mhz: 3301, Current Mhz: 2011, Mhz Limit: 3301
Processor Information for processor 6
  Max Mhz: 3301, Current Mhz: 2011, Mhz Limit: 3301
Processor Information for processor 7
  Max Mhz: 3301, Current Mhz: 2011, Mhz Limit: 3301
Processor Information for processor 8
  Max Mhz: 3301, Current Mhz: 3301, Mhz Limit: 3301
Processor Information for processor 9
  Max Mhz: 3301, Current Mhz: 2011, Mhz Limit: 3301
Processor Information for processor 10
  Max Mhz: 3301, Current Mhz: 2011, Mhz Limit: 3301
Processor Information for processor 11
  Max Mhz: 3301, Current Mhz: 3301, Mhz Limit: 3301

Memory: 4k page, system-wide physical 5996M (555M free)
TotalPageFile size 24428M (AvailPageFile size 0M)
current process WorkingSet (physical memory assigned to process): 145M, peak: 174M
current process commit charge ("private bytes"): 288M, peak: 312M

vm_info: OpenJDK 64-Bit Server VM (21.0.9+10-LTS) for windows-amd64 JRE (21.0.9+10-LTS), built on 2025-10-21T00:00:00Z by "admin" with unknown MS VC++:1942

END.
