#
# There is insufficient memory for the Java Runtime Environment to continue.
# Native memory allocation (malloc) failed to allocate 923696 bytes. Error detail: Chunk::new
# Possible reasons:
#   The system is out of physical RAM or swap space
#   This process is running with CompressedOops enabled, and the Java Heap may be blocking the growth of the native heap
# Possible solutions:
#   Reduce memory load on the system
#   Increase physical memory or swap space
#   Check if swap backing store is full
#   Decrease Java heap size (-Xmx/-Xms)
#   Decrease number of Java threads
#   Decrease Java thread stack sizes (-Xss)
#   Set larger code cache with -XX:ReservedCodeCacheSize=
#   JVM is running with Unscaled Compressed Oops mode in which the Java heap is
#     placed in the first 4GB address space. The Java Heap base address is the
#     maximum limit for the native heap growth. Please use -XX:HeapBaseMinAddress
#     to set the Java Heap base and to place the Java Heap above 4GB virtual address.
# This output file may be truncated or incomplete.
#
#  Out of Memory Error (arena.cpp:168), pid=14164, tid=12656
#
# JRE version: OpenJDK Runtime Environment Temurin-21.0.9+10 (21.0.9+10) (build 21.0.9+10-LTS)
# Java VM: OpenJDK 64-Bit Server VM Temurin-21.0.9+10 (21.0.9+10-LTS, mixed mode, sharing, tiered, compressed oops, compressed class ptrs, parallel gc, windows-amd64)
# No core dump will be written. Minidumps are not enabled by default on client versions of Windows
#

---------------  S U M M A R Y ------------

Command Line: --add-modules=ALL-SYSTEM --add-opens=java.base/java.util=ALL-UNNAMED --add-opens=java.base/java.lang=ALL-UNNAMED --add-opens=java.base/sun.nio.fs=ALL-UNNAMED -Declipse.application=org.eclipse.jdt.ls.core.id1 -Dosgi.bundles.defaultStartLevel=4 -Declipse.product=org.eclipse.jdt.ls.core.product -Djava.import.generatesMetadataFilesAtProjectRoot=false -DDetectVMInstallationsJob.disabled=true -Dfile.encoding=utf8 -XX:+UseParallelGC -XX:GCTimeRatio=4 -XX:AdaptiveSizePolicyWeight=90 -Dsun.zip.disableMemoryMapping=true -Xmx2G -Xms100m -Xlog:disable -javaagent:c:\Users\adity\.cursor\extensions\redhat.java-1.50.0-win32-x64\lombok\lombok-1.18.39-4050.jar -XX:+HeapDumpOnOutOfMemoryError -XX:HeapDumpPath=c:\Users\adity\AppData\Roaming\Cursor\User\workspaceStorage\ab63fb738abd03072bb8b1758bd33c6f\redhat.java -Daether.dependencyCollector.impl=bf c:\Users\adity\.cursor\extensions\redhat.java-1.50.0-win32-x64\server\plugins\org.eclipse.equinox.launcher_1.7.100.v20251111-0406.jar -configuration c:\Users\adity\AppData\Roaming\Cursor\User\globalStorage\redhat.java\1.50.0\config_win -data c:\Users\adity\AppData\Roaming\Cursor\User\workspaceStorage\ab63fb738abd03072bb8b1758bd33c6f\redhat.java\jdt_ws --pipe=\\.\pipe\lsp-827489aafa3a32f4bd607547d68c9a6c-sock

Host: AMD Ryzen 5 5600H with Radeon Graphics         , 12 cores, 5G,  Windows 11 , 64 bit Build 26100 (10.0.26100.7309)
Time: Sun Dec 21 08:32:09 2025 India Standard Time elapsed time: 47.441915 seconds (0d 0h 0m 47s)

---------------  T H R E A D  ---------------

Current thread (0x00000135f74c8ea0):  JavaThread "C2 CompilerThread2" daemon [_thread_in_native, id=12656, stack(0x0000001fa8a00000,0x0000001fa8b00000) (1024K)]


Current CompileTask:
C2:47441 11505       4       java.lang.invoke.MethodType::makeImpl (109 bytes)

Stack: [0x0000001fa8a00000,0x0000001fa8b00000]
Native frames: (J=compiled Java code, j=interpreted, Vv=VM code, C=native code)
V  [jvm.dll+0x6d6e29]
V  [jvm.dll+0x8b4b76]
V  [jvm.dll+0x8b712e]
V  [jvm.dll+0x8b7813]
V  [jvm.dll+0x283d86]
V  [jvm.dll+0xc66ed]
V  [jvm.dll+0xc6c31]
V  [jvm.dll+0x2facee]
V  [jvm.dll+0x5fde44]
V  [jvm.dll+0x255557]
V  [jvm.dll+0x24d994]
V  [jvm.dll+0x24b482]
V  [jvm.dll+0x1cb13e]
V  [jvm.dll+0x25b29d]
V  [jvm.dll+0x25982a]
V  [jvm.dll+0x3f7ea6]
V  [jvm.dll+0x85e9ad]
V  [jvm.dll+0x6d565d]
C  [ucrtbase.dll+0x37b0]
C  [KERNEL32.DLL+0x2e8d7]
C  [ntdll.dll+0x8c53c]


---------------  P R O C E S S  ---------------

Threads class SMR info:
_java_thread_list=0x00000135f73619f0, length=53, elements={
0x000001359493b7f0, 0x0000013596e711c0, 0x0000013596e72880, 0x0000013596e754e0,
0x0000013596e78520, 0x0000013596e7af80, 0x0000013596e7b9d0, 0x0000013596e7c800,
0x00000135efc4ce80, 0x00000135efdb13c0, 0x00000135eff172a0, 0x00000135f56eac10,
0x00000135f579b5a0, 0x00000135f57659f0, 0x00000135f5438de0, 0x00000135f5402200,
0x00000135f52eda30, 0x00000135f5e2f550, 0x00000135f5e30900, 0x00000135f5e329d0,
0x00000135f5e32340, 0x00000135f5e30270, 0x00000135f5e30f90, 0x00000135f5e31620,
0x00000135f5e31cb0, 0x00000135f6104190, 0x00000135f6104820, 0x00000135f61068f0,
0x00000135f6105bd0, 0x00000135f6105540, 0x00000135f6103b00, 0x00000135f6106260,
0x00000135f6106f80, 0x00000135f6107610, 0x00000135f6104eb0, 0x00000135f610b120,
0x00000135f61096e0, 0x00000135f610a400, 0x00000135f6108330, 0x00000135f61089c0,
0x00000135f6109050, 0x00000135f6109d70, 0x00000135f610aa90, 0x00000135f6107ca0,
0x00000135f7e48dd0, 0x00000135f7e47390, 0x00000135f7e47a20, 0x00000135f7e480b0,
0x00000135f7e45fe0, 0x00000135f7e48740, 0x00000135f7e49af0, 0x00000135f74cb0b0,
0x00000135f74c8ea0
}

Java Threads: ( => current thread )
  0x000001359493b7f0 JavaThread "main"                              [_thread_blocked, id=7748, stack(0x0000001fa6400000,0x0000001fa6500000) (1024K)]
  0x0000013596e711c0 JavaThread "Reference Handler"          daemon [_thread_blocked, id=25376, stack(0x0000001fa6800000,0x0000001fa6900000) (1024K)]
  0x0000013596e72880 JavaThread "Finalizer"                  daemon [_thread_blocked, id=24224, stack(0x0000001fa6900000,0x0000001fa6a00000) (1024K)]
  0x0000013596e754e0 JavaThread "Signal Dispatcher"          daemon [_thread_blocked, id=16940, stack(0x0000001fa6a00000,0x0000001fa6b00000) (1024K)]
  0x0000013596e78520 JavaThread "Attach Listener"            daemon [_thread_blocked, id=2808, stack(0x0000001fa6b00000,0x0000001fa6c00000) (1024K)]
  0x0000013596e7af80 JavaThread "Service Thread"             daemon [_thread_blocked, id=2704, stack(0x0000001fa6c00000,0x0000001fa6d00000) (1024K)]
  0x0000013596e7b9d0 JavaThread "Monitor Deflation Thread"   daemon [_thread_blocked, id=8956, stack(0x0000001fa6d00000,0x0000001fa6e00000) (1024K)]
  0x0000013596e7c800 JavaThread "C2 CompilerThread0"         daemon [_thread_in_native, id=20452, stack(0x0000001fa6e00000,0x0000001fa6f00000) (1024K)]
  0x00000135efc4ce80 JavaThread "C1 CompilerThread0"         daemon [_thread_in_vm, id=10640, stack(0x0000001fa6f00000,0x0000001fa7000000) (1024K)]
  0x00000135efdb13c0 JavaThread "Common-Cleaner"             daemon [_thread_blocked, id=20488, stack(0x0000001fa7000000,0x0000001fa7100000) (1024K)]
  0x00000135eff172a0 JavaThread "Notification Thread"        daemon [_thread_blocked, id=6684, stack(0x0000001fa7100000,0x0000001fa7200000) (1024K)]
  0x00000135f56eac10 JavaThread "Active Thread: Equinox Container: 3a05f07b-98c5-4301-ad8e-dfb34439eee7"        [_thread_blocked, id=8916, stack(0x0000001fa7900000,0x0000001fa7a00000) (1024K)]
  0x00000135f579b5a0 JavaThread "Refresh Thread: Equinox Container: 3a05f07b-98c5-4301-ad8e-dfb34439eee7" daemon [_thread_blocked, id=23296, stack(0x0000001fa7200000,0x0000001fa7300000) (1024K)]
  0x00000135f57659f0 JavaThread "Framework Event Dispatcher: Equinox Container: 3a05f07b-98c5-4301-ad8e-dfb34439eee7" daemon [_thread_blocked, id=13088, stack(0x0000001fa7b00000,0x0000001fa7c00000) (1024K)]
  0x00000135f5438de0 JavaThread "Start Level: Equinox Container: 3a05f07b-98c5-4301-ad8e-dfb34439eee7" daemon [_thread_blocked, id=21756, stack(0x0000001fa7c00000,0x0000001fa7d00000) (1024K)]
  0x00000135f5402200 JavaThread "Bundle File Closer"         daemon [_thread_blocked, id=14364, stack(0x0000001fa8000000,0x0000001fa8100000) (1024K)]
  0x00000135f52eda30 JavaThread "SCR Component Actor"        daemon [_thread_blocked, id=23824, stack(0x0000001fa7d00000,0x0000001fa7e00000) (1024K)]
  0x00000135f5e2f550 JavaThread "Worker-JM"                         [_thread_blocked, id=18236, stack(0x0000001fa8300000,0x0000001fa8400000) (1024K)]
  0x00000135f5e30900 JavaThread "JNA Cleaner"                daemon [_thread_blocked, id=25040, stack(0x0000001fa8400000,0x0000001fa8500000) (1024K)]
  0x00000135f5e329d0 JavaThread "Worker-0"                          [_thread_blocked, id=18948, stack(0x0000001fa8500000,0x0000001fa8600000) (1024K)]
  0x00000135f5e32340 JavaThread "Worker-1"                          [_thread_blocked, id=6164, stack(0x0000001fa8600000,0x0000001fa8700000) (1024K)]
  0x00000135f5e30270 JavaThread "Java indexing"              daemon [_thread_blocked, id=23912, stack(0x0000001fa8200000,0x0000001fa8300000) (1024K)]
  0x00000135f5e30f90 JavaThread "Worker-2: Initialize Workspace"        [_thread_blocked, id=24384, stack(0x0000001fa8900000,0x0000001fa8a00000) (1024K)]
  0x00000135f5e31620 JavaThread "Worker-3"                          [_thread_blocked, id=22788, stack(0x0000001fa8b00000,0x0000001fa8c00000) (1024K)]
  0x00000135f5e31cb0 JavaThread "Thread-1"                   daemon [_thread_in_native, id=23416, stack(0x0000001fa8c00000,0x0000001fa8d00000) (1024K)]
  0x00000135f6104190 JavaThread "Thread-2"                   daemon [_thread_in_native, id=13892, stack(0x0000001fa8d00000,0x0000001fa8e00000) (1024K)]
  0x00000135f6104820 JavaThread "Thread-3"                   daemon [_thread_in_native, id=25136, stack(0x0000001fa8e00000,0x0000001fa8f00000) (1024K)]
  0x00000135f61068f0 JavaThread "Thread-4"                   daemon [_thread_in_native, id=14788, stack(0x0000001fa8f00000,0x0000001fa9000000) (1024K)]
  0x00000135f6105bd0 JavaThread "Thread-5"                   daemon [_thread_in_native, id=10832, stack(0x0000001fa9000000,0x0000001fa9100000) (1024K)]
  0x00000135f6105540 JavaThread "Thread-6"                   daemon [_thread_in_native, id=21864, stack(0x0000001fa9100000,0x0000001fa9200000) (1024K)]
  0x00000135f6103b00 JavaThread "Thread-7"                   daemon [_thread_in_native, id=24892, stack(0x0000001fa9200000,0x0000001fa9300000) (1024K)]
  0x00000135f6106260 JavaThread "Thread-8"                   daemon [_thread_in_native, id=2320, stack(0x0000001fa9300000,0x0000001fa9400000) (1024K)]
  0x00000135f6106f80 JavaThread "Thread-9"                   daemon [_thread_in_native, id=1328, stack(0x0000001fa9400000,0x0000001fa9500000) (1024K)]
  0x00000135f6107610 JavaThread "Thread-10"                  daemon [_thread_in_native, id=20744, stack(0x0000001fa9500000,0x0000001fa9600000) (1024K)]
  0x00000135f6104eb0 JavaThread "Thread-11"                  daemon [_thread_in_native, id=12744, stack(0x0000001fa9600000,0x0000001fa9700000) (1024K)]
  0x00000135f610b120 JavaThread "Thread-12"                  daemon [_thread_in_native, id=19412, stack(0x0000001fa9700000,0x0000001fa9800000) (1024K)]
  0x00000135f61096e0 JavaThread "Thread-13"                  daemon [_thread_in_native, id=19308, stack(0x0000001fa9800000,0x0000001fa9900000) (1024K)]
  0x00000135f610a400 JavaThread "pool-2-thread-1"                   [_thread_blocked, id=17184, stack(0x0000001fa9900000,0x0000001fa9a00000) (1024K)]
  0x00000135f6108330 JavaThread "WorkspaceEventsHandler"            [_thread_blocked, id=24096, stack(0x0000001fa9a00000,0x0000001fa9b00000) (1024K)]
  0x00000135f61089c0 JavaThread "pool-1-thread-1"                   [_thread_blocked, id=15112, stack(0x0000001fa9b00000,0x0000001fa9c00000) (1024K)]
  0x00000135f6109050 JavaThread "ForkJoinPool.commonPool-worker-1" daemon [_thread_blocked, id=13396, stack(0x0000001fa9c00000,0x0000001fa9d00000) (1024K)]
  0x00000135f6109d70 JavaThread "ForkJoinPool.commonPool-worker-2" daemon [_thread_blocked, id=16360, stack(0x0000001fa9d00000,0x0000001fa9e00000) (1024K)]
  0x00000135f610aa90 JavaThread "ForkJoinPool.commonPool-worker-3" daemon [_thread_in_Java, id=19264, stack(0x0000001fa9e00000,0x0000001fa9f00000) (1024K)]
  0x00000135f6107ca0 JavaThread "ForkJoinPool.commonPool-worker-4" daemon [_thread_blocked, id=18980, stack(0x0000001fa9f00000,0x0000001faa000000) (1024K)]
  0x00000135f7e48dd0 JavaThread "ForkJoinPool.commonPool-worker-5" daemon [_thread_blocked, id=25588, stack(0x0000001faa000000,0x0000001faa100000) (1024K)]
  0x00000135f7e47390 JavaThread "ForkJoinPool.commonPool-worker-6" daemon [_thread_blocked, id=17328, stack(0x0000001faa100000,0x0000001faa200000) (1024K)]
  0x00000135f7e47a20 JavaThread "ForkJoinPool.commonPool-worker-7" daemon [_thread_blocked, id=24748, stack(0x0000001faa200000,0x0000001faa300000) (1024K)]
  0x00000135f7e480b0 JavaThread "ForkJoinPool.commonPool-worker-8" daemon [_thread_blocked, id=6516, stack(0x0000001faa300000,0x0000001faa400000) (1024K)]
  0x00000135f7e45fe0 JavaThread "ForkJoinPool.commonPool-worker-9" daemon [_thread_blocked, id=16428, stack(0x0000001faa400000,0x0000001faa500000) (1024K)]
  0x00000135f7e48740 JavaThread "ForkJoinPool.commonPool-worker-10" daemon [_thread_blocked, id=7424, stack(0x0000001faa500000,0x0000001faa600000) (1024K)]
  0x00000135f7e49af0 JavaThread "ForkJoinPool.commonPool-worker-11" daemon [_thread_blocked, id=8492, stack(0x0000001faa600000,0x0000001faa700000) (1024K)]
  0x00000135f74cb0b0 JavaThread "C2 CompilerThread1"         daemon [_thread_in_vm, id=20588, stack(0x0000001fa8100000,0x0000001fa8200000) (1024K)]
=>0x00000135f74c8ea0 JavaThread "C2 CompilerThread2"         daemon [_thread_in_native, id=12656, stack(0x0000001fa8a00000,0x0000001fa8b00000) (1024K)]
Total: 53

Other Threads:
  0x0000013596d62cd0 VMThread "VM Thread"                           [id=11520, stack(0x0000001fa6700000,0x0000001fa6800000) (1024K)]
  0x0000013596c5cb20 WatcherThread "VM Periodic Task Thread"        [id=23188, stack(0x0000001fa6600000,0x0000001fa6700000) (1024K)]
  0x0000013596ded2a0 WorkerThread "GC Thread#0"                     [id=15312, stack(0x0000001fa6500000,0x0000001fa6600000) (1024K)]
  0x00000135f566faf0 WorkerThread "GC Thread#1"                     [id=22552, stack(0x0000001fa7300000,0x0000001fa7400000) (1024K)]
  0x00000135f566fe90 WorkerThread "GC Thread#2"                     [id=25584, stack(0x0000001fa7400000,0x0000001fa7500000) (1024K)]
  0x00000135f55f4120 WorkerThread "GC Thread#3"                     [id=24184, stack(0x0000001fa7500000,0x0000001fa7600000) (1024K)]
  0x00000135f55f44c0 WorkerThread "GC Thread#4"                     [id=20136, stack(0x0000001fa7600000,0x0000001fa7700000) (1024K)]
  0x00000135f55f4e70 WorkerThread "GC Thread#5"                     [id=14728, stack(0x0000001fa7700000,0x0000001fa7800000) (1024K)]
  0x00000135f5710f90 WorkerThread "GC Thread#6"                     [id=13684, stack(0x0000001fa7800000,0x0000001fa7900000) (1024K)]
  0x00000135f57f6250 WorkerThread "GC Thread#7"                     [id=9828, stack(0x0000001fa7a00000,0x0000001fa7b00000) (1024K)]
  0x00000135f50dfb00 WorkerThread "GC Thread#8"                     [id=9296, stack(0x0000001fa7e00000,0x0000001fa7f00000) (1024K)]
  0x00000135f50dfea0 WorkerThread "GC Thread#9"                     [id=24080, stack(0x0000001fa7f00000,0x0000001fa8000000) (1024K)]
Total: 12

Threads with active compile tasks:
C2 CompilerThread0  50583 11288 %     4       java.util.Properties::load0 @ 8 (249 bytes)
C2 CompilerThread1  50583 11636       4       java.lang.AbstractStringBuilder::append (55 bytes)
C2 CompilerThread2  50584 11505       4       java.lang.invoke.MethodType::makeImpl (109 bytes)
Total: 3

VM state: not at safepoint (normal execution)

VM Mutex/Monitor currently owned by a thread: None

Heap address: 0x0000000080000000, size: 2048 MB, Compressed Oops mode: 32-bit

CDS archive(s) mapped at: [0x00000135ae000000-0x00000135aeba0000-0x00000135aeba0000), size 12189696, SharedBaseAddress: 0x00000135ae000000, ArchiveRelocationMode: 1.
Compressed class space mapped at: 0x00000135af000000-0x00000135ef000000, reserved size: 1073741824
Narrow klass base: 0x00000135ae000000, Narrow klass shift: 0, Narrow klass range: 0x100000000

GC Precious Log:
 CardTable entry size: 512
 CPUs: 12 total, 12 available
 Memory: 5996M
 Large Page Support: Disabled
 NUMA Support: Disabled
 Compressed Oops: Enabled (32-bit)
 Alignments: Space 512K, Generation 512K, Heap 2M
 Heap Min Capacity: 100M
 Heap Initial Capacity: 100M
 Heap Max Capacity: 2G
 Pre-touch: Disabled
 Parallel Workers: 10

Heap:
 PSYoungGen      total 19968K, used 10025K [0x00000000d5580000, 0x00000000d6e00000, 0x0000000100000000)
  eden space 18944K, 47% used [0x00000000d5580000,0x00000000d5e524b0,0x00000000d6800000)
  from space 1024K, 96% used [0x00000000d6880000,0x00000000d6978020,0x00000000d6980000)
  to   space 3072K, 0% used [0x00000000d6b00000,0x00000000d6b00000,0x00000000d6e00000)
 ParOldGen       total 73728K, used 73366K [0x0000000080000000, 0x0000000084800000, 0x00000000d5580000)
  object space 73728K, 99% used [0x0000000080000000,0x00000000847a5888,0x0000000084800000)
 Metaspace       used 64028K, committed 65472K, reserved 1114112K
  class space    used 6706K, committed 7296K, reserved 1048576K

Card table byte_map: [0x0000013596770000,0x0000013596b80000] _byte_map_base: 0x0000013596370000

Marking Bits: (ParMarkBitMap*) 0x00007ffe90612460
 Begin Bits: [0x00000135a9280000, 0x00000135ab280000)
 End Bits:   [0x00000135ab280000, 0x00000135ad280000)

Polling page: 0x0000013594c30000

Metaspace:

Usage:
  Non-class:     55.98 MB used.
      Class:      6.55 MB used.
       Both:     62.53 MB used.

Virtual space:
  Non-class space:       64.00 MB reserved,      56.81 MB ( 89%) committed,  1 nodes.
      Class space:        1.00 GB reserved,       7.12 MB ( <1%) committed,  1 nodes.
             Both:        1.06 GB reserved,      63.94 MB (  6%) committed. 

Chunk freelists:
   Non-Class:  6.67 MB
       Class:  8.69 MB
        Both:  15.36 MB

MaxMetaspaceSize: unlimited
CompressedClassSpaceSize: 1.00 GB
Initial GC threshold: 21.00 MB
Current GC threshold: 97.31 MB
CDS: on
 - commit_granule_bytes: 65536.
 - commit_granule_words: 8192.
 - virtual_space_node_default_size: 8388608.
 - enlarge_chunks_in_place: 1.
 - use_allocation_guard: 0.


Internal statistics:

num_allocs_failed_limit: 9.
num_arena_births: 1246.
num_arena_deaths: 14.
num_vsnodes_births: 2.
num_vsnodes_deaths: 0.
num_space_committed: 1023.
num_space_uncommitted: 0.
num_chunks_returned_to_freelist: 23.
num_chunks_taken_from_freelist: 4182.
num_chunk_merges: 14.
num_chunk_splits: 2657.
num_chunks_enlarged: 1583.
num_inconsistent_stats: 0.

CodeHeap 'non-profiled nmethods': size=120000Kb used=7321Kb max_used=7321Kb free=112678Kb
 bounds [0x00000135a1aa0000, 0x00000135a21d0000, 0x00000135a8fd0000]
CodeHeap 'profiled nmethods': size=120000Kb used=23876Kb max_used=23876Kb free=96124Kb
 bounds [0x0000013599fd0000, 0x000001359b730000, 0x00000135a1500000]
CodeHeap 'non-nmethods': size=5760Kb used=1437Kb max_used=1659Kb free=4323Kb
 bounds [0x00000135a1500000, 0x00000135a1770000, 0x00000135a1aa0000]
CodeCache: size=245760Kb, used=32634Kb, max_used=32856Kb, free=213125Kb
 total_blobs=11611, nmethods=10865, adapters=650, full_count=0
Compilation: enabled, stopped_count=0, restarted_count=0

Compilation events (20 events):
Event: 45.423 Thread 0x00000135efc4ce80 nmethod 11598 0x000001359b70b810 code [0x000001359b70ba00, 0x000001359b70c0d8]
Event: 45.423 Thread 0x00000135efc4ce80 11599  s    3       org.eclipse.jdt.core.dom.DefaultBindingResolver::store (13 bytes)
Event: 45.423 Thread 0x00000135efc4ce80 nmethod 11599 0x000001359b70c210 code [0x000001359b70c3c0, 0x000001359b70c658]
Event: 45.426 Thread 0x00000135efc4ce80 11600       1       org.eclipse.jdt.core.dom.SimpleName::getNodeType0 (3 bytes)
Event: 45.426 Thread 0x00000135efc4ce80 nmethod 11600 0x00000135a21c0790 code [0x00000135a21c0920, 0x00000135a21c09e8]
Event: 45.427 Thread 0x00000135efc4ce80 11601       3       org.eclipse.jdt.core.dom.ASTNode::setFlags (28 bytes)
Event: 45.428 Thread 0x00000135efc4ce80 nmethod 11601 0x000001359b70c790 code [0x000001359b70c940, 0x000001359b70cb70]
Event: 45.429 Thread 0x00000135efc4ce80 11602       3       org.eclipse.jdt.core.dom.ASTConverter::setIsGeneratedFlag (48 bytes)
Event: 45.430 Thread 0x00000135efc4ce80 nmethod 11602 0x000001359b70cd10 code [0x000001359b70cf80, 0x000001359b70d780]
Event: 45.430 Thread 0x00000135efc4ce80 11603       3       org.eclipse.jdt.core.dom.ASTNode::preReplaceChild (120 bytes)
Event: 45.430 Thread 0x00000135efc4ce80 nmethod 11603 0x000001359b70da90 code [0x000001359b70dd00, 0x000001359b70e618]
Event: 45.431 Thread 0x00000135efc4ce80 11604       3       org.eclipse.jdt.core.dom.Expression::<init> (6 bytes)
Event: 45.431 Thread 0x00000135efc4ce80 nmethod 11604 0x000001359b70ea10 code [0x000001359b70ebc0, 0x000001359b70ecf8]
Event: 45.431 Thread 0x00000135efc4ce80 11605   !   3       org.eclipse.jdt.core.dom.AST::postAddChildEvent (63 bytes)
Event: 45.432 Thread 0x00000135efc4ce80 nmethod 11605 0x000001359b70ed90 code [0x000001359b70efc0, 0x000001359b70f938]
Event: 45.432 Thread 0x00000135efc4ce80 11606       3       org.eclipse.jdt.core.dom.NodeEventHandler::postAddChildEvent (1 bytes)
Event: 45.432 Thread 0x00000135efc4ce80 nmethod 11606 0x000001359b70fe10 code [0x000001359b70ffa0, 0x000001359b7100a8]
Event: 45.434 Thread 0x00000135efc4ce80 11607       1       org.eclipse.jdt.core.dom.ASTNode::getStartPosition (5 bytes)
Event: 45.435 Thread 0x00000135efc4ce80 nmethod 11607 0x00000135a21c0a90 code [0x00000135a21c0c20, 0x00000135a21c0ce8]
Event: 45.435 Thread 0x00000135efc4ce80 11608       3       org.eclipse.jdt.core.dom.ASTNode::preValueChange (37 bytes)

GC Heap History (20 events):
Event: 37.027 GC heap before
{Heap before GC invocations=57 (full 3):
 PSYoungGen      total 20992K, used 20496K [0x00000000d5580000, 0x00000000d6c80000, 0x0000000100000000)
  eden space 19456K, 100% used [0x00000000d5580000,0x00000000d6880000,0x00000000d6880000)
  from space 1536K, 67% used [0x00000000d6a00000,0x00000000d6b04010,0x00000000d6b80000)
  to   space 1024K, 0% used [0x00000000d6b80000,0x00000000d6b80000,0x00000000d6c80000)
 ParOldGen       total 68608K, used 60024K [0x0000000080000000, 0x0000000084300000, 0x00000000d5580000)
  object space 68608K, 87% used [0x0000000080000000,0x0000000083a9e3e8,0x0000000084300000)
 Metaspace       used 59955K, committed 61376K, reserved 1114112K
  class space    used 6404K, committed 7040K, reserved 1048576K
}
Event: 37.031 GC heap after
{Heap after GC invocations=57 (full 3):
 PSYoungGen      total 19968K, used 995K [0x00000000d5580000, 0x00000000d6f80000, 0x0000000100000000)
  eden space 18944K, 0% used [0x00000000d5580000,0x00000000d5580000,0x00000000d6800000)
  from space 1024K, 97% used [0x00000000d6b80000,0x00000000d6c78db0,0x00000000d6c80000)
  to   space 3584K, 0% used [0x00000000d6800000,0x00000000d6800000,0x00000000d6b80000)
 ParOldGen       total 68608K, used 61937K [0x0000000080000000, 0x0000000084300000, 0x00000000d5580000)
  object space 68608K, 90% used [0x0000000080000000,0x0000000083c7c6e0,0x0000000084300000)
 Metaspace       used 59955K, committed 61376K, reserved 1114112K
  class space    used 6404K, committed 7040K, reserved 1048576K
}
Event: 37.437 GC heap before
{Heap before GC invocations=58 (full 3):
 PSYoungGen      total 19968K, used 19939K [0x00000000d5580000, 0x00000000d6f80000, 0x0000000100000000)
  eden space 18944K, 100% used [0x00000000d5580000,0x00000000d6800000,0x00000000d6800000)
  from space 1024K, 97% used [0x00000000d6b80000,0x00000000d6c78db0,0x00000000d6c80000)
  to   space 3584K, 0% used [0x00000000d6800000,0x00000000d6800000,0x00000000d6b80000)
 ParOldGen       total 68608K, used 61937K [0x0000000080000000, 0x0000000084300000, 0x00000000d5580000)
  object space 68608K, 90% used [0x0000000080000000,0x0000000083c7c6e0,0x0000000084300000)
 Metaspace       used 60858K, committed 62272K, reserved 1114112K
  class space    used 6493K, committed 7104K, reserved 1048576K
}
Event: 37.442 GC heap after
{Heap after GC invocations=58 (full 3):
 PSYoungGen      total 22016K, used 2871K [0x00000000d5580000, 0x00000000d6e00000, 0x0000000100000000)
  eden space 18944K, 0% used [0x00000000d5580000,0x00000000d5580000,0x00000000d6800000)
  from space 3072K, 93% used [0x00000000d6800000,0x00000000d6acdc58,0x00000000d6b00000)
  to   space 3072K, 0% used [0x00000000d6b00000,0x00000000d6b00000,0x00000000d6e00000)
 ParOldGen       total 68608K, used 62916K [0x0000000080000000, 0x0000000084300000, 0x00000000d5580000)
  object space 68608K, 91% used [0x0000000080000000,0x0000000083d71390,0x0000000084300000)
 Metaspace       used 60858K, committed 62272K, reserved 1114112K
  class space    used 6493K, committed 7104K, reserved 1048576K
}
Event: 37.549 GC heap before
{Heap before GC invocations=59 (full 3):
 PSYoungGen      total 22016K, used 21815K [0x00000000d5580000, 0x00000000d6e00000, 0x0000000100000000)
  eden space 18944K, 99% used [0x00000000d5580000,0x00000000d67fffe0,0x00000000d6800000)
  from space 3072K, 93% used [0x00000000d6800000,0x00000000d6acdc58,0x00000000d6b00000)
  to   space 3072K, 0% used [0x00000000d6b00000,0x00000000d6b00000,0x00000000d6e00000)
 ParOldGen       total 68608K, used 62916K [0x0000000080000000, 0x0000000084300000, 0x00000000d5580000)
  object space 68608K, 91% used [0x0000000080000000,0x0000000083d71390,0x0000000084300000)
 Metaspace       used 61003K, committed 62400K, reserved 1114112K
  class space    used 6493K, committed 7104K, reserved 1048576K
}
Event: 37.553 GC heap after
{Heap after GC invocations=59 (full 3):
 PSYoungGen      total 20480K, used 1376K [0x00000000d5580000, 0x00000000d6c80000, 0x0000000100000000)
  eden space 18944K, 0% used [0x00000000d5580000,0x00000000d5580000,0x00000000d6800000)
  from space 1536K, 89% used [0x00000000d6b00000,0x00000000d6c58020,0x00000000d6c80000)
  to   space 2048K, 0% used [0x00000000d6880000,0x00000000d6880000,0x00000000d6a80000)
 ParOldGen       total 68608K, used 65200K [0x0000000080000000, 0x0000000084300000, 0x00000000d5580000)
  object space 68608K, 95% used [0x0000000080000000,0x0000000083fac350,0x0000000084300000)
 Metaspace       used 61003K, committed 62400K, reserved 1114112K
  class space    used 6493K, committed 7104K, reserved 1048576K
}
Event: 37.852 GC heap before
{Heap before GC invocations=60 (full 3):
 PSYoungGen      total 20480K, used 20320K [0x00000000d5580000, 0x00000000d6c80000, 0x0000000100000000)
  eden space 18944K, 100% used [0x00000000d5580000,0x00000000d6800000,0x00000000d6800000)
  from space 1536K, 89% used [0x00000000d6b00000,0x00000000d6c58020,0x00000000d6c80000)
  to   space 2048K, 0% used [0x00000000d6880000,0x00000000d6880000,0x00000000d6a80000)
 ParOldGen       total 68608K, used 65200K [0x0000000080000000, 0x0000000084300000, 0x00000000d5580000)
  object space 68608K, 95% used [0x0000000080000000,0x0000000083fac350,0x0000000084300000)
 Metaspace       used 61332K, committed 62720K, reserved 1114112K
  class space    used 6498K, committed 7104K, reserved 1048576K
}
Event: 37.856 GC heap after
{Heap after GC invocations=60 (full 3):
 PSYoungGen      total 20992K, used 1856K [0x00000000d5580000, 0x00000000d6c00000, 0x0000000100000000)
  eden space 18944K, 0% used [0x00000000d5580000,0x00000000d5580000,0x00000000d6800000)
  from space 2048K, 90% used [0x00000000d6880000,0x00000000d6a50000,0x00000000d6a80000)
  to   space 1536K, 0% used [0x00000000d6a80000,0x00000000d6a80000,0x00000000d6c00000)
 ParOldGen       total 68608K, used 66477K [0x0000000080000000, 0x0000000084300000, 0x00000000d5580000)
  object space 68608K, 96% used [0x0000000080000000,0x00000000840eb420,0x0000000084300000)
 Metaspace       used 61332K, committed 62720K, reserved 1114112K
  class space    used 6498K, committed 7104K, reserved 1048576K
}
Event: 38.204 GC heap before
{Heap before GC invocations=61 (full 3):
 PSYoungGen      total 20992K, used 20800K [0x00000000d5580000, 0x00000000d6c00000, 0x0000000100000000)
  eden space 18944K, 100% used [0x00000000d5580000,0x00000000d6800000,0x00000000d6800000)
  from space 2048K, 90% used [0x00000000d6880000,0x00000000d6a50000,0x00000000d6a80000)
  to   space 1536K, 0% used [0x00000000d6a80000,0x00000000d6a80000,0x00000000d6c00000)
 ParOldGen       total 68608K, used 66477K [0x0000000080000000, 0x0000000084300000, 0x00000000d5580000)
  object space 68608K, 96% used [0x0000000080000000,0x00000000840eb420,0x0000000084300000)
 Metaspace       used 61684K, committed 63168K, reserved 1114112K
  class space    used 6548K, committed 7168K, reserved 1048576K
}
Event: 38.209 GC heap after
{Heap after GC invocations=61 (full 3):
 PSYoungGen      total 20480K, used 1472K [0x00000000d5580000, 0x00000000d6c00000, 0x0000000100000000)
  eden space 18944K, 0% used [0x00000000d5580000,0x00000000d5580000,0x00000000d6800000)
  from space 1536K, 95% used [0x00000000d6a80000,0x00000000d6bf0000,0x00000000d6c00000)
  to   space 2048K, 0% used [0x00000000d6800000,0x00000000d6800000,0x00000000d6a00000)
 ParOldGen       total 68608K, used 68032K [0x0000000080000000, 0x0000000084300000, 0x00000000d5580000)
  object space 68608K, 99% used [0x0000000080000000,0x0000000084270300,0x0000000084300000)
 Metaspace       used 61684K, committed 63168K, reserved 1114112K
  class space    used 6548K, committed 7168K, reserved 1048576K
}
Event: 39.675 GC heap before
{Heap before GC invocations=62 (full 3):
 PSYoungGen      total 20480K, used 20416K [0x00000000d5580000, 0x00000000d6c00000, 0x0000000100000000)
  eden space 18944K, 100% used [0x00000000d5580000,0x00000000d6800000,0x00000000d6800000)
  from space 1536K, 95% used [0x00000000d6a80000,0x00000000d6bf0000,0x00000000d6c00000)
  to   space 2048K, 0% used [0x00000000d6800000,0x00000000d6800000,0x00000000d6a00000)
 ParOldGen       total 68608K, used 68032K [0x0000000080000000, 0x0000000084300000, 0x00000000d5580000)
  object space 68608K, 99% used [0x0000000080000000,0x0000000084270300,0x0000000084300000)
 Metaspace       used 61801K, committed 63232K, reserved 1114112K
  class space    used 6550K, committed 7168K, reserved 1048576K
}
Event: 40.683 GC heap after
{Heap after GC invocations=62 (full 3):
 PSYoungGen      total 20480K, used 1408K [0x00000000d5580000, 0x00000000d6b00000, 0x0000000100000000)
  eden space 18944K, 0% used [0x00000000d5580000,0x00000000d5580000,0x00000000d6800000)
  from space 1536K, 91% used [0x00000000d6800000,0x00000000d6960000,0x00000000d6980000)
  to   space 1536K, 0% used [0x00000000d6980000,0x00000000d6980000,0x00000000d6b00000)
 ParOldGen       total 69632K, used 69341K [0x0000000080000000, 0x0000000084400000, 0x00000000d5580000)
  object space 69632K, 99% used [0x0000000080000000,0x00000000843b77a8,0x0000000084400000)
 Metaspace       used 61801K, committed 63232K, reserved 1114112K
  class space    used 6550K, committed 7168K, reserved 1048576K
}
Event: 41.432 GC heap before
{Heap before GC invocations=63 (full 3):
 PSYoungGen      total 20480K, used 20352K [0x00000000d5580000, 0x00000000d6b00000, 0x0000000100000000)
  eden space 18944K, 100% used [0x00000000d5580000,0x00000000d6800000,0x00000000d6800000)
  from space 1536K, 91% used [0x00000000d6800000,0x00000000d6960000,0x00000000d6980000)
  to   space 1536K, 0% used [0x00000000d6980000,0x00000000d6980000,0x00000000d6b00000)
 ParOldGen       total 69632K, used 69341K [0x0000000080000000, 0x0000000084400000, 0x00000000d5580000)
  object space 69632K, 99% used [0x0000000080000000,0x00000000843b77a8,0x0000000084400000)
 Metaspace       used 62048K, committed 63488K, reserved 1114112K
  class space    used 6552K, committed 7168K, reserved 1048576K
}
Event: 41.436 GC heap after
{Heap after GC invocations=63 (full 3):
 PSYoungGen      total 20480K, used 1344K [0x00000000d5580000, 0x00000000d6b00000, 0x0000000100000000)
  eden space 18944K, 0% used [0x00000000d5580000,0x00000000d5580000,0x00000000d6800000)
  from space 1536K, 87% used [0x00000000d6980000,0x00000000d6ad0000,0x00000000d6b00000)
  to   space 1536K, 0% used [0x00000000d6800000,0x00000000d6800000,0x00000000d6980000)
 ParOldGen       total 70656K, used 70389K [0x0000000080000000, 0x0000000084500000, 0x00000000d5580000)
  object space 70656K, 99% used [0x0000000080000000,0x00000000844bd7a8,0x0000000084500000)
 Metaspace       used 62048K, committed 63488K, reserved 1114112K
  class space    used 6552K, committed 7168K, reserved 1048576K
}
Event: 42.157 GC heap before
{Heap before GC invocations=64 (full 3):
 PSYoungGen      total 20480K, used 20288K [0x00000000d5580000, 0x00000000d6b00000, 0x0000000100000000)
  eden space 18944K, 100% used [0x00000000d5580000,0x00000000d6800000,0x00000000d6800000)
  from space 1536K, 87% used [0x00000000d6980000,0x00000000d6ad0000,0x00000000d6b00000)
  to   space 1536K, 0% used [0x00000000d6800000,0x00000000d6800000,0x00000000d6980000)
 ParOldGen       total 70656K, used 70389K [0x0000000080000000, 0x0000000084500000, 0x00000000d5580000)
  object space 70656K, 99% used [0x0000000080000000,0x00000000844bd7a8,0x0000000084500000)
 Metaspace       used 62497K, committed 64000K, reserved 1114112K
  class space    used 6590K, committed 7232K, reserved 1048576K
}
Event: 42.161 GC heap after
{Heap after GC invocations=64 (full 3):
 PSYoungGen      total 20480K, used 864K [0x00000000d5580000, 0x00000000d6b00000, 0x0000000100000000)
  eden space 18944K, 0% used [0x00000000d5580000,0x00000000d5580000,0x00000000d6800000)
  from space 1536K, 56% used [0x00000000d6800000,0x00000000d68d8020,0x00000000d6980000)
  to   space 1536K, 0% used [0x00000000d6980000,0x00000000d6980000,0x00000000d6b00000)
 ParOldGen       total 71168K, used 71125K [0x0000000080000000, 0x0000000084580000, 0x00000000d5580000)
  object space 71168K, 99% used [0x0000000080000000,0x00000000845757a8,0x0000000084580000)
 Metaspace       used 62497K, committed 64000K, reserved 1114112K
  class space    used 6590K, committed 7232K, reserved 1048576K
}
Event: 43.993 GC heap before
{Heap before GC invocations=65 (full 3):
 PSYoungGen      total 20480K, used 19808K [0x00000000d5580000, 0x00000000d6b00000, 0x0000000100000000)
  eden space 18944K, 100% used [0x00000000d5580000,0x00000000d6800000,0x00000000d6800000)
  from space 1536K, 56% used [0x00000000d6800000,0x00000000d68d8020,0x00000000d6980000)
  to   space 1536K, 0% used [0x00000000d6980000,0x00000000d6980000,0x00000000d6b00000)
 ParOldGen       total 71168K, used 71125K [0x0000000080000000, 0x0000000084580000, 0x00000000d5580000)
  object space 71168K, 99% used [0x0000000080000000,0x00000000845757a8,0x0000000084580000)
 Metaspace       used 63099K, committed 64512K, reserved 1114112K
  class space    used 6647K, committed 7232K, reserved 1048576K
}
Event: 43.994 GC heap after
{Heap after GC invocations=65 (full 3):
 PSYoungGen      total 19968K, used 948K [0x00000000d5580000, 0x00000000d6a80000, 0x0000000100000000)
  eden space 18944K, 0% used [0x00000000d5580000,0x00000000d5580000,0x00000000d6800000)
  from space 1024K, 92% used [0x00000000d6980000,0x00000000d6a6d220,0x00000000d6a80000)
  to   space 1024K, 0% used [0x00000000d6880000,0x00000000d6880000,0x00000000d6980000)
 ParOldGen       total 72192K, used 71725K [0x0000000080000000, 0x0000000084680000, 0x00000000d5580000)
  object space 72192K, 99% used [0x0000000080000000,0x000000008460b7c8,0x0000000084680000)
 Metaspace       used 63099K, committed 64512K, reserved 1114112K
  class space    used 6647K, committed 7232K, reserved 1048576K
}
Event: 44.227 GC heap before
{Heap before GC invocations=66 (full 3):
 PSYoungGen      total 19968K, used 19892K [0x00000000d5580000, 0x00000000d6a80000, 0x0000000100000000)
  eden space 18944K, 100% used [0x00000000d5580000,0x00000000d6800000,0x00000000d6800000)
  from space 1024K, 92% used [0x00000000d6980000,0x00000000d6a6d220,0x00000000d6a80000)
  to   space 1024K, 0% used [0x00000000d6880000,0x00000000d6880000,0x00000000d6980000)
 ParOldGen       total 72192K, used 71725K [0x0000000080000000, 0x0000000084680000, 0x00000000d5580000)
  object space 72192K, 99% used [0x0000000080000000,0x000000008460b7c8,0x0000000084680000)
 Metaspace       used 63202K, committed 64640K, reserved 1114112K
  class space    used 6652K, committed 7232K, reserved 1048576K
}
Event: 45.235 GC heap after
{Heap after GC invocations=66 (full 3):
 PSYoungGen      total 19968K, used 992K [0x00000000d5580000, 0x00000000d6e00000, 0x0000000100000000)
  eden space 18944K, 0% used [0x00000000d5580000,0x00000000d5580000,0x00000000d6800000)
  from space 1024K, 96% used [0x00000000d6880000,0x00000000d6978020,0x00000000d6980000)
  to   space 3072K, 0% used [0x00000000d6b00000,0x00000000d6b00000,0x00000000d6e00000)
 ParOldGen       total 73728K, used 73366K [0x0000000080000000, 0x0000000084800000, 0x00000000d5580000)
  object space 73728K, 99% used [0x0000000080000000,0x00000000847a5888,0x0000000084800000)
 Metaspace       used 63202K, committed 64640K, reserved 1114112K
  class space    used 6652K, committed 7232K, reserved 1048576K
}

Dll operation events (10 events):
Event: 0.013 Loaded shared library c:\Users\adity\.cursor\extensions\redhat.java-1.50.0-win32-x64\jre\21.0.9-win32-x86_64\bin\java.dll
Event: 0.111 Loaded shared library c:\Users\adity\.cursor\extensions\redhat.java-1.50.0-win32-x64\jre\21.0.9-win32-x86_64\bin\zip.dll
Event: 0.138 Loaded shared library C:\Users\adity\.cursor\extensions\redhat.java-1.50.0-win32-x64\jre\21.0.9-win32-x86_64\bin\instrument.dll
Event: 0.145 Loaded shared library C:\Users\adity\.cursor\extensions\redhat.java-1.50.0-win32-x64\jre\21.0.9-win32-x86_64\bin\net.dll
Event: 0.147 Loaded shared library C:\Users\adity\.cursor\extensions\redhat.java-1.50.0-win32-x64\jre\21.0.9-win32-x86_64\bin\nio.dll
Event: 0.151 Loaded shared library C:\Users\adity\.cursor\extensions\redhat.java-1.50.0-win32-x64\jre\21.0.9-win32-x86_64\bin\zip.dll
Event: 0.173 Loaded shared library C:\Users\adity\.cursor\extensions\redhat.java-1.50.0-win32-x64\jre\21.0.9-win32-x86_64\bin\jimage.dll
Event: 0.251 Loaded shared library c:\Users\adity\.cursor\extensions\redhat.java-1.50.0-win32-x64\jre\21.0.9-win32-x86_64\bin\verify.dll
Event: 6.064 Loaded shared library C:\Users\adity\AppData\Roaming\Cursor\User\globalStorage\redhat.java\1.50.0\config_win\org.eclipse.equinox.launcher\org.eclipse.equinox.launcher.win32.win32.x86_64_1.2.1400.v20250801-0854\eclipse_11916.dll
Event: 16.970 Loaded shared library C:\Users\adity\AppData\Local\Temp\jna-92665259\jna10829380748042909890.dll

Deoptimization events (20 events):
Event: 42.456 Thread 0x00000135f5e32340 Uncommon trap: trap_request=0xffffff45 fr.pc=0x00000135a20101e8 relative=0x0000000000000388
Event: 42.456 Thread 0x00000135f5e32340 Uncommon trap: reason=unstable_if action=reinterpret pc=0x00000135a20101e8 method=java.net.URI.equalIgnoringCase(Ljava/lang/String;Ljava/lang/String;)Z @ 8 c2
Event: 42.456 Thread 0x00000135f5e32340 DEOPT PACKING pc=0x00000135a20101e8 sp=0x0000001fa86fede0
Event: 42.457 Thread 0x00000135f5e32340 DEOPT UNPACKING pc=0x00000135a1553aa2 sp=0x0000001fa86fed80 mode 2
Event: 42.462 Thread 0x00000135f5e32340 Uncommon trap: trap_request=0xffffff45 fr.pc=0x00000135a1fece68 relative=0x0000000000000b68
Event: 42.462 Thread 0x00000135f5e32340 Uncommon trap: reason=unstable_if action=reinterpret pc=0x00000135a1fece68 method=lombok.eclipse.EclipseNode.traverse(Llombok/eclipse/EclipseASTVisitor;)V @ 251 c2
Event: 42.462 Thread 0x00000135f5e32340 DEOPT PACKING pc=0x00000135a1fece68 sp=0x0000001fa86fe3a0
Event: 42.462 Thread 0x00000135f5e32340 DEOPT UNPACKING pc=0x00000135a1553aa2 sp=0x0000001fa86fe348 mode 2
Event: 44.019 Thread 0x00000135f610aa90 Uncommon trap: trap_request=0xffffff6e fr.pc=0x00000135a218c60c relative=0x00000000000003ac
Event: 44.019 Thread 0x00000135f610aa90 Uncommon trap: reason=loop_limit_check action=maybe_recompile pc=0x00000135a218c60c method=org.eclipse.jdt.core.compiler.CharOperation.concatWith([[CC)[C @ 121 c2
Event: 44.019 Thread 0x00000135f610aa90 DEOPT PACKING pc=0x00000135a218c60c sp=0x0000001fa9efd160
Event: 44.019 Thread 0x00000135f610aa90 DEOPT UNPACKING pc=0x00000135a1553aa2 sp=0x0000001fa9efd120 mode 2
Event: 45.252 Thread 0x00000135f610aa90 Uncommon trap: trap_request=0xffffff6e fr.pc=0x00000135a218fbfc relative=0x000000000000015c
Event: 45.252 Thread 0x00000135f610aa90 Uncommon trap: reason=loop_limit_check action=maybe_recompile pc=0x00000135a218fbfc method=org.eclipse.jdt.internal.compiler.lookup.ReferenceBinding.compare([C[CII)I @ 46 c2
Event: 45.252 Thread 0x00000135f610aa90 DEOPT PACKING pc=0x00000135a218fbfc sp=0x0000001fa9efdc10
Event: 45.252 Thread 0x00000135f610aa90 DEOPT UNPACKING pc=0x00000135a1553aa2 sp=0x0000001fa9efdb80 mode 2
Event: 45.290 Thread 0x00000135f7e45fe0 Uncommon trap: trap_request=0xffffff45 fr.pc=0x00000135a219f878 relative=0x0000000000000138
Event: 45.290 Thread 0x00000135f7e45fe0 Uncommon trap: reason=unstable_if action=reinterpret pc=0x00000135a219f878 method=org.eclipse.jdt.internal.compiler.parser.Scanner.addTokenToLookBack(Lorg/eclipse/jdt/internal/compiler/parser/TerminalToken;)V @ 8 c2
Event: 45.290 Thread 0x00000135f7e45fe0 DEOPT PACKING pc=0x00000135a219f878 sp=0x0000001faa4fece0
Event: 45.290 Thread 0x00000135f7e45fe0 DEOPT UNPACKING pc=0x00000135a1553aa2 sp=0x0000001faa4fec80 mode 2

Classes loaded (20 events):
Event: 41.246 Loading class sun/nio/cs/ISO_8859_1$Decoder
Event: 41.246 Loading class sun/nio/cs/ISO_8859_1$Decoder done
Event: 42.213 Loading class java/lang/invoke/MethodHandleImpl$CountingWrapper$1
Event: 42.214 Loading class java/lang/invoke/MethodHandleImpl$CountingWrapper$1 done
Event: 42.387 Loading class java/util/stream/ReduceOps$5
Event: 42.387 Loading class java/util/stream/ReduceOps$5 done
Event: 42.387 Loading class java/util/stream/ReduceOps$CountingSink$OfRef
Event: 42.387 Loading class java/util/stream/ReduceOps$CountingSink
Event: 42.387 Loading class java/util/stream/ReduceOps$CountingSink done
Event: 42.387 Loading class java/util/stream/ReduceOps$CountingSink$OfRef done
Event: 42.449 Loading class java/util/stream/ReduceOps$1
Event: 42.450 Loading class java/util/stream/ReduceOps$1 done
Event: 42.450 Loading class java/util/stream/ReduceOps$1ReducingSink
Event: 42.450 Loading class java/util/stream/ReduceOps$1ReducingSink done
Event: 43.896 Loading class java/util/concurrent/CompletableFuture$UniApply
Event: 43.896 Loading class java/util/concurrent/CompletableFuture$UniApply done
Event: 43.897 Loading class java/util/concurrent/CompletableFuture$UniExceptionally
Event: 43.898 Loading class java/util/concurrent/CompletableFuture$UniExceptionally done
Event: 43.940 Loading class java/lang/UnsupportedClassVersionError
Event: 43.940 Loading class java/lang/UnsupportedClassVersionError done

Classes unloaded (7 events):
Event: 17.480 Thread 0x0000013596d62cd0 Unloading class 0x00000135af1aa000 'java/lang/invoke/LambdaForm$MH+0x00000135af1aa000'
Event: 17.480 Thread 0x0000013596d62cd0 Unloading class 0x00000135af1a9c00 'java/lang/invoke/LambdaForm$MH+0x00000135af1a9c00'
Event: 17.480 Thread 0x0000013596d62cd0 Unloading class 0x00000135af1a9800 'java/lang/invoke/LambdaForm$MH+0x00000135af1a9800'
Event: 17.480 Thread 0x0000013596d62cd0 Unloading class 0x00000135af1a9400 'java/lang/invoke/LambdaForm$MH+0x00000135af1a9400'
Event: 17.480 Thread 0x0000013596d62cd0 Unloading class 0x00000135af1a9000 'java/lang/invoke/LambdaForm$BMH+0x00000135af1a9000'
Event: 17.480 Thread 0x0000013596d62cd0 Unloading class 0x00000135af1a8c00 'java/lang/invoke/LambdaForm$DMH+0x00000135af1a8c00'
Event: 17.480 Thread 0x0000013596d62cd0 Unloading class 0x00000135af1a3800 'java/lang/invoke/LambdaForm$DMH+0x00000135af1a3800'

Classes redefined (0 events):
No events

Internal exceptions (20 events):
Event: 36.587 Thread 0x00000135f5e329d0 Exception <a 'java/lang/NoSuchMethodError'{0x00000000d65c3d38}: 'java.lang.Object java.lang.invoke.DirectMethodHandle$Holder.invokeStatic(java.lang.Object, java.lang.Object, int, int)'> (0x00000000d65c3d38) 
thrown [s\src\hotspot\share\interpreter\linkResolver.cpp, line 773]
Event: 36.588 Thread 0x00000135f5e329d0 Exception <a 'java/lang/NoSuchMethodError'{0x00000000d65c82f8}: 'java.lang.Object java.lang.invoke.DirectMethodHandle$Holder.invokeSpecial(java.lang.Object, java.lang.Object, java.lang.Object, int, int)'> (0x00000000d65c82f8) 
thrown [s\src\hotspot\share\interpreter\linkResolver.cpp, line 773]
Event: 36.920 Thread 0x00000135f5e329d0 Exception <a 'java/lang/NoSuchMethodError'{0x00000000d6356fa8}: 'java.lang.Object java.lang.invoke.DirectMethodHandle$Holder.invokeStatic(java.lang.Object, java.lang.Object, int, java.lang.Object, java.lang.Object)'> (0x00000000d6356fa8) 
thrown [s\src\hotspot\share\interpreter\linkResolver.cpp, line 773]
Event: 37.037 Thread 0x00000135f5e329d0 Exception <a 'java/lang/NoSuchMethodError'{0x00000000d55a4058}: 'java.lang.Object java.lang.invoke.DirectMethodHandle$Holder.invokeStatic(java.lang.Object, java.lang.Object, int, java.lang.Object)'> (0x00000000d55a4058) 
thrown [s\src\hotspot\share\interpreter\linkResolver.cpp, line 773]
Event: 37.038 Thread 0x00000135f5e329d0 Exception <a 'java/lang/NoSuchMethodError'{0x00000000d55aac78}: 'java.lang.Object java.lang.invoke.DirectMethodHandle$Holder.newInvokeSpecial(java.lang.Object, java.lang.Object, int)'> (0x00000000d55aac78) 
thrown [s\src\hotspot\share\interpreter\linkResolver.cpp, line 773]
Event: 37.154 Thread 0x00000135f5e329d0 Exception <a 'java/io/FileNotFoundException'{0x00000000d59de240}> (0x00000000d59de240) 
thrown [s\src\hotspot\share\prims\jni.cpp, line 520]
Event: 37.154 Thread 0x00000135f5e329d0 Exception <a 'java/io/FileNotFoundException'{0x00000000d59df330}> (0x00000000d59df330) 
thrown [s\src\hotspot\share\prims\jni.cpp, line 520]
Event: 37.154 Thread 0x00000135f5e329d0 Exception <a 'java/io/FileNotFoundException'{0x00000000d59e0098}> (0x00000000d59e0098) 
thrown [s\src\hotspot\share\prims\jni.cpp, line 520]
Event: 38.034 Thread 0x00000135f5e32340 Exception <a 'java/lang/NoSuchMethodError'{0x00000000d6386a10}: 'void java.lang.invoke.DirectMethodHandle$Holder.invokeInterface(java.lang.Object, java.lang.Object)'> (0x00000000d6386a10) 
thrown [s\src\hotspot\share\interpreter\linkResolver.cpp, line 773]
Event: 42.023 Thread 0x00000135f5e32340 Exception <a 'sun/nio/fs/WindowsException'{0x00000000d5f1a2c8}> (0x00000000d5f1a2c8) 
thrown [s\src\hotspot\share\prims\jni.cpp, line 520]
Event: 42.024 Thread 0x00000135f5e32340 Exception <a 'sun/nio/fs/WindowsException'{0x00000000d5f1a8f8}> (0x00000000d5f1a8f8) 
thrown [s\src\hotspot\share\prims\jni.cpp, line 520]
Event: 42.388 Thread 0x00000135f5e32340 Exception <a 'sun/nio/fs/WindowsException'{0x00000000d62e6d40}> (0x00000000d62e6d40) 
thrown [s\src\hotspot\share\prims\jni.cpp, line 520]
Event: 42.388 Thread 0x00000135f5e32340 Exception <a 'sun/nio/fs/WindowsException'{0x00000000d62e7370}> (0x00000000d62e7370) 
thrown [s\src\hotspot\share\prims\jni.cpp, line 520]
Event: 42.456 Thread 0x00000135f5e32340 Implicit null exception at 0x00000135a200fe8d to 0x00000135a20101d8
Event: 43.894 Thread 0x00000135f61089c0 Exception <a 'java/lang/IncompatibleClassChangeError'{0x00000000d63f3358}: Found class java.lang.Object, but interface was expected> (0x00000000d63f3358) 
thrown [s\src\hotspot\share\interpreter\linkResolver.cpp, line 840]
Event: 43.965 Thread 0x00000135f610aa90 Exception <a 'java/lang/NoSuchMethodError'{0x00000000d6670a98}: 'int java.lang.invoke.Invokers$Holder.invokeExact_MT(java.lang.Object, java.lang.Object)'> (0x00000000d6670a98) 
thrown [s\src\hotspot\share\interpreter\linkResolver.cpp, line 773]
Event: 43.990 Thread 0x00000135f610aa90 Exception <a 'java/lang/IncompatibleClassChangeError'{0x00000000d67b3c08}: Found class java.lang.Object, but interface was expected> (0x00000000d67b3c08) 
thrown [s\src\hotspot\share\interpreter\linkResolver.cpp, line 840]
Event: 44.169 Thread 0x00000135f61089c0 Exception <a 'java/lang/IncompatibleClassChangeError'{0x00000000d601ed68}: Found class java.lang.Object, but interface was expected> (0x00000000d601ed68) 
thrown [s\src\hotspot\share\interpreter\linkResolver.cpp, line 840]
Event: 45.272 Thread 0x00000135f61089c0 Exception <a 'java/lang/IncompatibleClassChangeError'{0x00000000d588cc20}: Found class java.lang.Object, but interface was expected> (0x00000000d588cc20) 
thrown [s\src\hotspot\share\interpreter\linkResolver.cpp, line 840]
Event: 45.328 Thread 0x00000135f61089c0 Exception <a 'java/lang/IncompatibleClassChangeError'{0x00000000d58979d8}: Found class java.lang.Object, but interface was expected> (0x00000000d58979d8) 
thrown [s\src\hotspot\share\interpreter\linkResolver.cpp, line 840]

ZGC Phase Switch (0 events):
No events

VM Operations (20 events):
Event: 39.221 Executing VM operation: Cleanup
Event: 39.600 Executing VM operation: Cleanup done
Event: 39.674 Executing VM operation: ParallelGCFailedAllocation (Allocation Failure)
Event: 40.684 Executing VM operation: ParallelGCFailedAllocation (Allocation Failure) done
Event: 41.432 Executing VM operation: ParallelGCFailedAllocation (Allocation Failure)
Event: 41.436 Executing VM operation: ParallelGCFailedAllocation (Allocation Failure) done
Event: 42.157 Executing VM operation: ParallelGCFailedAllocation (Allocation Failure)
Event: 42.161 Executing VM operation: ParallelGCFailedAllocation (Allocation Failure) done
Event: 43.163 Executing VM operation: Cleanup
Event: 43.163 Executing VM operation: Cleanup done
Event: 43.929 Executing VM operation: HandshakeAllThreads (Deoptimize)
Event: 43.929 Executing VM operation: HandshakeAllThreads (Deoptimize) done
Event: 43.949 Executing VM operation: HandshakeAllThreads (Deoptimize)
Event: 43.950 Executing VM operation: HandshakeAllThreads (Deoptimize) done
Event: 43.993 Executing VM operation: ParallelGCFailedAllocation (Allocation Failure)
Event: 43.994 Executing VM operation: ParallelGCFailedAllocation (Allocation Failure) done
Event: 44.227 Executing VM operation: ParallelGCFailedAllocation (Allocation Failure)
Event: 45.235 Executing VM operation: ParallelGCFailedAllocation (Allocation Failure) done
Event: 46.249 Executing VM operation: Cleanup
Event: 46.249 Executing VM operation: Cleanup done

Memory protections (0 events):
No events

Nmethod flushes (20 events):
Event: 36.306 Thread 0x0000013596d62cd0 flushing  nmethod 0x000001359a834a10
Event: 36.306 Thread 0x0000013596d62cd0 flushing  nmethod 0x000001359a835510
Event: 36.306 Thread 0x0000013596d62cd0 flushing  nmethod 0x000001359a835a90
Event: 36.306 Thread 0x0000013596d62cd0 flushing  nmethod 0x000001359a841290
Event: 36.306 Thread 0x0000013596d62cd0 flushing  nmethod 0x000001359a84a310
Event: 36.306 Thread 0x0000013596d62cd0 flushing  nmethod 0x000001359a866910
Event: 36.306 Thread 0x0000013596d62cd0 flushing  nmethod 0x000001359a8b3a90
Event: 36.306 Thread 0x0000013596d62cd0 flushing  nmethod 0x000001359a8ce990
Event: 36.306 Thread 0x0000013596d62cd0 flushing  nmethod 0x000001359a8d0e90
Event: 36.306 Thread 0x0000013596d62cd0 flushing  nmethod 0x000001359a8e0210
Event: 36.306 Thread 0x0000013596d62cd0 flushing  nmethod 0x000001359a8e3810
Event: 36.306 Thread 0x0000013596d62cd0 flushing  nmethod 0x000001359a8e3f90
Event: 36.306 Thread 0x0000013596d62cd0 flushing  nmethod 0x000001359a8e4310
Event: 36.306 Thread 0x0000013596d62cd0 flushing  nmethod 0x000001359a8e4690
Event: 36.306 Thread 0x0000013596d62cd0 flushing  nmethod 0x000001359a8f4310
Event: 36.306 Thread 0x0000013596d62cd0 flushing  nmethod 0x000001359a8f5d90
Event: 36.306 Thread 0x0000013596d62cd0 flushing  nmethod 0x000001359a928690
Event: 36.306 Thread 0x0000013596d62cd0 flushing  nmethod 0x000001359a92bf90
Event: 36.306 Thread 0x0000013596d62cd0 flushing  nmethod 0x000001359a92c890
Event: 36.306 Thread 0x0000013596d62cd0 flushing  nmethod 0x000001359a92cc10

Events (20 events):
Event: 30.899 Thread 0x00000135efc4ce80 Thread added: 0x00000135f74c9570
Event: 31.610 Thread 0x00000135f74c9570 Thread exited: 0x00000135f74c9570
Event: 32.305 Thread 0x00000135efc4ce80 Thread added: 0x00000135f74ca310
Event: 35.065 Thread 0x00000135f74ca310 Thread exited: 0x00000135f74ca310
Event: 35.135 Thread 0x00000135efc4ce80 Thread added: 0x00000135f74c8ea0
Event: 38.042 Thread 0x00000135f5e32340 Thread added: 0x00000135f7e4a180
Event: 38.043 Thread 0x00000135f5e32340 Thread added: 0x00000135f7e46d00
Event: 38.043 Thread 0x00000135f5e32340 Thread added: 0x00000135f7e4a810
Event: 38.043 Thread 0x00000135f5e32340 Thread added: 0x00000135f7e4d600
Event: 38.043 Thread 0x00000135f5e32340 Thread added: 0x00000135f7e4cf70
Event: 40.685 Thread 0x00000135efc4ce80 Thread added: 0x00000135f74ca9e0
Event: 41.923 Thread 0x00000135f7e4a810 Thread exited: 0x00000135f7e4a810
Event: 41.923 Thread 0x00000135f7e4cf70 Thread exited: 0x00000135f7e4cf70
Event: 41.923 Thread 0x00000135f7e46d00 Thread exited: 0x00000135f7e46d00
Event: 41.923 Thread 0x00000135f7e4d600 Thread exited: 0x00000135f7e4d600
Event: 41.924 Thread 0x00000135f7e4a180 Thread exited: 0x00000135f7e4a180
Event: 43.902 Thread 0x00000135f74c8ea0 Thread exited: 0x00000135f74c8ea0
Event: 43.902 Thread 0x00000135f74ca9e0 Thread exited: 0x00000135f74ca9e0
Event: 43.997 Thread 0x00000135efc4ce80 Thread added: 0x00000135f74cb0b0
Event: 44.000 Thread 0x00000135efc4ce80 Thread added: 0x00000135f74c8ea0


Dynamic libraries:
0x00007ff6a4520000 - 0x00007ff6a452e000 	c:\Users\adity\.cursor\extensions\redhat.java-1.50.0-win32-x64\jre\21.0.9-win32-x86_64\bin\java.exe
0x00007fff816e0000 - 0x00007fff81947000 	C:\WINDOWS\SYSTEM32\ntdll.dll
0x00007fff80c40000 - 0x00007fff80d09000 	C:\WINDOWS\System32\KERNEL32.DLL
0x00007fff7eb70000 - 0x00007fff7ef5f000 	C:\WINDOWS\System32\KERNELBASE.dll
0x00007fff7efa0000 - 0x00007fff7f0eb000 	C:\WINDOWS\System32\ucrtbase.dll
0x00007fff6ea90000 - 0x00007fff6eaa8000 	c:\Users\adity\.cursor\extensions\redhat.java-1.50.0-win32-x64\jre\21.0.9-win32-x86_64\bin\jli.dll
0x00007fff6eb10000 - 0x00007fff6eb2e000 	c:\Users\adity\.cursor\extensions\redhat.java-1.50.0-win32-x64\jre\21.0.9-win32-x86_64\bin\VCRUNTIME140.dll
0x00007fff80d60000 - 0x00007fff80f25000 	C:\WINDOWS\System32\USER32.dll
0x00007fff7ef70000 - 0x00007fff7ef97000 	C:\WINDOWS\System32\win32u.dll
0x00007fff803b0000 - 0x00007fff803db000 	C:\WINDOWS\System32\GDI32.dll
0x00007fff7ea40000 - 0x00007fff7eb6c000 	C:\WINDOWS\System32\gdi32full.dll
0x00007fff7f310000 - 0x00007fff7f3b3000 	C:\WINDOWS\System32\msvcp_win.dll
0x00007fff5f090000 - 0x00007fff5f323000 	C:\WINDOWS\WinSxS\amd64_microsoft.windows.common-controls_6595b64144ccf1df_6.0.26100.7309_none_3e05feeae336a044\COMCTL32.dll
0x00007fff80920000 - 0x00007fff809c9000 	C:\WINDOWS\System32\msvcrt.dll
0x00007fff80d10000 - 0x00007fff80d41000 	C:\WINDOWS\System32\IMM32.DLL
0x00007fff76090000 - 0x00007fff7609c000 	c:\Users\adity\.cursor\extensions\redhat.java-1.50.0-win32-x64\jre\21.0.9-win32-x86_64\bin\vcruntime140_1.dll
0x00007fff2ef40000 - 0x00007fff2efcd000 	c:\Users\adity\.cursor\extensions\redhat.java-1.50.0-win32-x64\jre\21.0.9-win32-x86_64\bin\msvcp140.dll
0x00007ffe8f950000 - 0x00007ffe906f0000 	c:\Users\adity\.cursor\extensions\redhat.java-1.50.0-win32-x64\jre\21.0.9-win32-x86_64\bin\server\jvm.dll
0x00007fff815e0000 - 0x00007fff81694000 	C:\WINDOWS\System32\ADVAPI32.dll
0x00007fff81110000 - 0x00007fff811b6000 	C:\WINDOWS\System32\sechost.dll
0x00007fff813a0000 - 0x00007fff814b8000 	C:\WINDOWS\System32\RPCRT4.dll
0x00007fff812c0000 - 0x00007fff81334000 	C:\WINDOWS\System32\WS2_32.dll
0x00007fff7e6b0000 - 0x00007fff7e70e000 	C:\WINDOWS\SYSTEM32\POWRPROF.dll
0x00007fff77a50000 - 0x00007fff77a5b000 	C:\WINDOWS\SYSTEM32\VERSION.dll
0x00007fff75c50000 - 0x00007fff75c85000 	C:\WINDOWS\SYSTEM32\WINMM.dll
0x00007fff7e690000 - 0x00007fff7e6a4000 	C:\WINDOWS\SYSTEM32\UMPDC.dll
0x00007fff7d5b0000 - 0x00007fff7d5cb000 	C:\WINDOWS\SYSTEM32\kernel.appcore.dll
0x00007fff736d0000 - 0x00007fff736da000 	c:\Users\adity\.cursor\extensions\redhat.java-1.50.0-win32-x64\jre\21.0.9-win32-x86_64\bin\jimage.dll
0x00007fff68d00000 - 0x00007fff68f42000 	C:\WINDOWS\SYSTEM32\DBGHELP.DLL
0x00007fff7f4a0000 - 0x00007fff7f825000 	C:\WINDOWS\System32\combase.dll
0x00007fff80b50000 - 0x00007fff80c26000 	C:\WINDOWS\System32\OLEAUT32.dll
0x00007fff48980000 - 0x00007fff489bc000 	C:\WINDOWS\SYSTEM32\dbgcore.DLL
0x00007fff7f260000 - 0x00007fff7f305000 	C:\WINDOWS\System32\bcryptPrimitives.dll
0x00007fff72910000 - 0x00007fff7291f000 	c:\Users\adity\.cursor\extensions\redhat.java-1.50.0-win32-x64\jre\21.0.9-win32-x86_64\bin\instrument.dll
0x00007fff6ce40000 - 0x00007fff6ce60000 	c:\Users\adity\.cursor\extensions\redhat.java-1.50.0-win32-x64\jre\21.0.9-win32-x86_64\bin\java.dll
0x00007fff7f8c0000 - 0x00007fff80013000 	C:\WINDOWS\System32\SHELL32.dll
0x00007fff7f0f0000 - 0x00007fff7f25a000 	C:\WINDOWS\System32\wintypes.dll
0x00007fff7c410000 - 0x00007fff7cc6e000 	C:\WINDOWS\SYSTEM32\windows.storage.dll
0x00007fff811c0000 - 0x00007fff812b5000 	C:\WINDOWS\System32\SHCORE.dll
0x00007fff808b0000 - 0x00007fff80916000 	C:\WINDOWS\System32\shlwapi.dll
0x00007fff7e750000 - 0x00007fff7e779000 	C:\WINDOWS\SYSTEM32\profapi.dll
0x00007fff6ba00000 - 0x00007fff6ba18000 	c:\Users\adity\.cursor\extensions\redhat.java-1.50.0-win32-x64\jre\21.0.9-win32-x86_64\bin\zip.dll
0x00007fff728d0000 - 0x00007fff728e0000 	C:\Users\adity\.cursor\extensions\redhat.java-1.50.0-win32-x64\jre\21.0.9-win32-x86_64\bin\net.dll
0x00007fff76620000 - 0x00007fff76748000 	C:\WINDOWS\SYSTEM32\WINHTTP.dll
0x00007fff7db50000 - 0x00007fff7dbbb000 	C:\WINDOWS\system32\mswsock.dll
0x00007fff4a4e0000 - 0x00007fff4a4f6000 	C:\Users\adity\.cursor\extensions\redhat.java-1.50.0-win32-x64\jre\21.0.9-win32-x86_64\bin\nio.dll
0x00007fff72550000 - 0x00007fff72560000 	c:\Users\adity\.cursor\extensions\redhat.java-1.50.0-win32-x64\jre\21.0.9-win32-x86_64\bin\verify.dll
0x00007fff32300000 - 0x00007fff32344000 	C:\Users\adity\AppData\Roaming\Cursor\User\globalStorage\redhat.java\1.50.0\config_win\org.eclipse.equinox.launcher\org.eclipse.equinox.launcher.win32.win32.x86_64_1.2.1400.v20250801-0854\eclipse_11916.dll
0x00007fff80190000 - 0x00007fff80327000 	C:\WINDOWS\System32\ole32.dll
0x00007fff7de20000 - 0x00007fff7de3b000 	C:\WINDOWS\SYSTEM32\CRYPTSP.dll
0x00007fff7d510000 - 0x00007fff7d54a000 	C:\WINDOWS\system32\rsaenh.dll
0x00007fff7dc00000 - 0x00007fff7dc2b000 	C:\WINDOWS\SYSTEM32\USERENV.dll
0x00007fff7e720000 - 0x00007fff7e74a000 	C:\WINDOWS\SYSTEM32\bcrypt.dll
0x00007fff7de10000 - 0x00007fff7de1c000 	C:\WINDOWS\SYSTEM32\CRYPTBASE.dll
0x00007fff7cf90000 - 0x00007fff7cfc4000 	C:\WINDOWS\SYSTEM32\IPHLPAPI.DLL
0x00007fff80c30000 - 0x00007fff80c3a000 	C:\WINDOWS\System32\NSI.dll
0x00007fff30750000 - 0x00007fff30799000 	C:\Users\adity\AppData\Local\Temp\jna-92665259\jna10829380748042909890.dll
0x00007fff80d50000 - 0x00007fff80d58000 	C:\WINDOWS\System32\PSAPI.DLL
0x00007fff76300000 - 0x00007fff7631e000 	C:\WINDOWS\SYSTEM32\dhcpcsvc6.DLL
0x00007fff75e50000 - 0x00007fff75e73000 	C:\WINDOWS\SYSTEM32\dhcpcsvc.DLL

JVMTI agents:
c:\Users\adity\.cursor\extensions\redhat.java-1.50.0-win32-x64\lombok\lombok-1.18.39-4050.jar path:c:\Users\adity\.cursor\extensions\redhat.java-1.50.0-win32-x64\jre\21.0.9-win32-x86_64\bin\instrument.dll, loaded, initialized, instrumentlib options:none

dbghelp: loaded successfully - version: 4.0.5 - missing functions: none
symbol engine: initialized successfully - sym options: 0x614 - pdb path: .;c:\Users\adity\.cursor\extensions\redhat.java-1.50.0-win32-x64\jre\21.0.9-win32-x86_64\bin;C:\WINDOWS\SYSTEM32;C:\WINDOWS\WinSxS\amd64_microsoft.windows.common-controls_6595b64144ccf1df_6.0.26100.7309_none_3e05feeae336a044;c:\Users\adity\.cursor\extensions\redhat.java-1.50.0-win32-x64\jre\21.0.9-win32-x86_64\bin\server;C:\Users\adity\AppData\Roaming\Cursor\User\globalStorage\redhat.java\1.50.0\config_win\org.eclipse.equinox.launcher\org.eclipse.equinox.launcher.win32.win32.x86_64_1.2.1400.v20250801-0854;C:\Users\adity\AppData\Local\Temp\jna-92665259

VM Arguments:
jvm_args: --add-modules=ALL-SYSTEM --add-opens=java.base/java.util=ALL-UNNAMED --add-opens=java.base/java.lang=ALL-UNNAMED --add-opens=java.base/sun.nio.fs=ALL-UNNAMED -Declipse.application=org.eclipse.jdt.ls.core.id1 -Dosgi.bundles.defaultStartLevel=4 -Declipse.product=org.eclipse.jdt.ls.core.product -Djava.import.generatesMetadataFilesAtProjectRoot=false -DDetectVMInstallationsJob.disabled=true -Dfile.encoding=utf8 -XX:+UseParallelGC -XX:GCTimeRatio=4 -XX:AdaptiveSizePolicyWeight=90 -Dsun.zip.disableMemoryMapping=true -Xmx2G -Xms100m -Xlog:disable -javaagent:c:\Users\adity\.cursor\extensions\redhat.java-1.50.0-win32-x64\lombok\lombok-1.18.39-4050.jar -XX:+HeapDumpOnOutOfMemoryError -XX:HeapDumpPath=c:\Users\adity\AppData\Roaming\Cursor\User\workspaceStorage\ab63fb738abd03072bb8b1758bd33c6f\redhat.java -Daether.dependencyCollector.impl=bf 
java_command: c:\Users\adity\.cursor\extensions\redhat.java-1.50.0-win32-x64\server\plugins\org.eclipse.equinox.launcher_1.7.100.v20251111-0406.jar -configuration c:\Users\adity\AppData\Roaming\Cursor\User\globalStorage\redhat.java\1.50.0\config_win -data c:\Users\adity\AppData\Roaming\Cursor\User\workspaceStorage\ab63fb738abd03072bb8b1758bd33c6f\redhat.java\jdt_ws --pipe=\\.\pipe\lsp-827489aafa3a32f4bd607547d68c9a6c-sock
java_class_path (initial): c:\Users\adity\.cursor\extensions\redhat.java-1.50.0-win32-x64\server\plugins\org.eclipse.equinox.launcher_1.7.100.v20251111-0406.jar
Launcher Type: SUN_STANDARD

[Global flags]
    uintx AdaptiveSizePolicyWeight                 = 90                                        {product} {command line}
     intx CICompilerCount                          = 4                                         {product} {ergonomic}
    uintx GCTimeRatio                              = 4                                         {product} {command line}
     bool HeapDumpOnOutOfMemoryError               = true                                   {manageable} {command line}
    ccstr HeapDumpPath                             = c:\Users\adity\AppData\Roaming\Cursor\User\workspaceStorage\ab63fb738abd03072bb8b1758bd33c6f\redhat.java         {manageable} {command line}
   size_t InitialHeapSize                          = 104857600                                 {product} {command line}
   size_t MaxHeapSize                              = 2147483648                                {product} {command line}
   size_t MaxNewSize                               = 715653120                                 {product} {ergonomic}
   size_t MinHeapDeltaBytes                        = 524288                                    {product} {ergonomic}
   size_t MinHeapSize                              = 104857600                                 {product} {command line}
   size_t NewSize                                  = 34603008                                  {product} {ergonomic}
    uintx NonNMethodCodeHeapSize                   = 5839372                                {pd product} {ergonomic}
    uintx NonProfiledCodeHeapSize                  = 122909434                              {pd product} {ergonomic}
   size_t OldSize                                  = 70254592                                  {product} {ergonomic}
    uintx ProfiledCodeHeapSize                     = 122909434                              {pd product} {ergonomic}
    uintx ReservedCodeCacheSize                    = 251658240                              {pd product} {ergonomic}
     bool SegmentedCodeCache                       = true                                      {product} {ergonomic}
   size_t SoftMaxHeapSize                          = 2147483648                             {manageable} {ergonomic}
     bool UseCompressedOops                        = true                           {product lp64_product} {ergonomic}
     bool UseLargePagesIndividualAllocation        = false                                  {pd product} {ergonomic}
     bool UseParallelGC                            = true                                      {product} {command line}

Logging:
Log output configuration:
 #0: stdout all=off uptime,level,tags foldmultilines=false
 #1: stderr all=off uptime,level,tags foldmultilines=false

Release file:
JAVA_VERSION="21.0.9" 
MODULES="java.base java.compiler java.datatransfer java.xml java.prefs java.desktop java.instrument java.logging java.management java.security.sasl java.naming java.rmi java.management.rmi java.net.http java.scripting java.security.jgss java.transaction.xa java.sql java.sql.rowset java.xml.crypto java.se java.smartcardio jdk.accessibility jdk.internal.jvmstat jdk.attach jdk.charsets jdk.internal.opt jdk.zipfs jdk.compiler jdk.crypto.ec jdk.crypto.cryptoki jdk.crypto.mscapi jdk.dynalink jdk.internal.ed jdk.editpad jdk.hotspot.agent jdk.httpserver jdk.internal.le jdk.internal.vm.ci jdk.internal.vm.compiler jdk.internal.vm.compiler.management jdk.jartool jdk.javadoc jdk.jcmd jdk.management jdk.management.agent jdk.jconsole jdk.jdeps jdk.jdwp.agent jdk.jdi jdk.jfr jdk.jshell jdk.jsobject jdk.jstatd jdk.localedata jdk.management.jfr jdk.naming.dns jdk.naming.rmi jdk.net jdk.nio.mapmode jdk.random jdk.sctp jdk.security.auth jdk.security.jgss jdk.unsupported jdk.unsupported.desktop jdk.xml.dom" 

Environment Variables:
JAVA_HOME=C:\Program Files\Java\jdk-17
PATH=C:\app\adity\product\21c\dbhomeXE\bin;C:\WINDOWS\system32;C:\WINDOWS;C:\WINDOWS\System32\Wbem;C:\WINDOWS\System32\WindowsPowerShell\v1.0\;C:\WINDOWS\System32\OpenSSH\;C:\Program Files\Apache\maven\bin;C:\Program Files\Java\jdk-17\bin;C:\Program Files\nodejs\;C:\ProgramData\chocolatey\bin;C:\Users\adity\AppData\Roaming\npm;C:\Program Files\Git\cmd;C:\Program Files\Git\bin;C:\Program Files\dotnet\;C:\ProgramData\anaconda3;C:\ProgramData\anaconda3\Scripts;C:\ProgramData\anaconda3\Library\bin;C:\Program Files\GitHub CLI\;C:\Program Files\MongoDB\Server\8.0\bin;c:\Users\adity\AppData\Local\Programs\cursor\resources\app\bin;C:\php-8.3.23;C:\Users\adity\kotlin-compiler-2.2.0\kotlinc\bin;C:\Users\adity\AppData\Local\Android\Sdk\platform-tools;C:\Program Files\PostgreSQL\17\bin;;C:\Program Files\Docker\Docker\resources\bin;C:\Program Files\cursor\resources\app\bin;c:\Users\adity\AppData\Local\Programs\Trae\bin;C:\ProgramData\anaconda3\condabin;C:\WINDOWS\system32;C:\WINDOWS;C:\WINDOWS\System32\Wbem;C:\WINDOWS\System32\WindowsPowerShell\v1.0\;C:\WINDOWS\System32\OpenSSH\;C:\Program Files\Apache\maven\bin;C:\Program Files\Java\jdk-17\bin;C:\Program Files\nodejs\;C:\ProgramData\chocolatey\bin;C:\Users\adity\AppData\Roaming\npm;C:\Program Files\Git\cmd;C:\Program Files\Git\bin;C:\Program Files\dotnet\;C:\ProgramData\anaconda3;C:\ProgramData\anaconda3\Scripts;C:\ProgramData\anaconda3\Library\bin;C:\Program Files\GitHub CLI\;C:\Program Files\MongoDB\Server\8.0\bin;C:\Users\adity\AppData\Local\Programs\Python\Python313\Scripts\;C:\Users\adity\AppData\Local\Programs\Python\Python313\;C:\Users\adity\AppData\Local\Programs\Python\Launcher\;C:\Users\adity\AppData\Local\Programs\Microsoft VS Code\bin;C:\Users\adity\.foundry\bin;C:\src\flutter\bin;C:\Users\adity\.dotnet\tools;C:\Users\adity\AppData\Loca;C:\Users\adity\AppData\Local\Muse Hub\lib;C:\Users\adity\AppData\Local\Programs\cursor\resources\app\bin;C:\Users\adity\kotlin-compiler-2.2.0\kotlinc\bin;C:\Users\adity\AppData\Local\Programs\Windsurf\bin
USERNAME=adity
OS=Windows_NT
PROCESSOR_IDENTIFIER=AMD64 Family 25 Model 80 Stepping 0, AuthenticAMD
TMP=C:\Users\adity\AppData\Local\Temp
TEMP=C:\Users\adity\AppData\Local\Temp




Periodic native trim disabled

---------------  S Y S T E M  ---------------

OS:
 Windows 11 , 64 bit Build 26100 (10.0.26100.7309)
OS uptime: 2 days 12:25 hours
Hyper-V role detected

CPU: total 12 (initial active 12) (12 cores per cpu, 2 threads per core) family 25 model 80 stepping 0 microcode 0xa50000c, cx8, cmov, fxsr, ht, mmx, 3dnowpref, sse, sse2, sse3, ssse3, sse4a, sse4.1, sse4.2, popcnt, lzcnt, tsc, tscinvbit, avx, avx2, aes, erms, clmul, bmi1, bmi2, adx, sha, fma, vzeroupper, clflush, clflushopt, hv, rdtscp, rdpid, fsrm, f16c, cet_ss
Processor Information for the first 12 processors :
  Max Mhz: 3301, Current Mhz: 3301, Mhz Limit: 3301

Memory: 4k page, system-wide physical 5996M (725M free)
TotalPageFile size 24428M (AvailPageFile size 367M)
current process WorkingSet (physical memory assigned to process): 276M, peak: 409M
current process commit charge ("private bytes"): 391M, peak: 518M

vm_info: OpenJDK 64-Bit Server VM (21.0.9+10-LTS) for windows-amd64 JRE (21.0.9+10-LTS), built on 2025-10-21T00:00:00Z by "admin" with unknown MS VC++:1942

END.
